[bwa_index] Pack FASTA... 0.02 sec
[bwa_index] Construct BWT for the packed sequence...
[bwa_index] 0.78 seconds elapse.
[bwa_index] Update BWT... 0.02 sec
[bwa_index] Pack forward-only FASTA... 0.02 sec
[bwa_index] Construct SA from BWT and Occ... 0.38 sec
[main] Version: 0.7.17-r1188
[main] CMD: bwa index -p /home/miba8458/2020.03_GenomeAnalysisCourse/scratch/4_DNA_bwa_onCanu_PacBio/pacbio_index /home/miba8458/2020.03_GenomeAnalysisCourse/scratch/2_DNA_canu_PacBio/canu_pacbio.contigs.fasta
[main] Real time: 1.333 sec; CPU: 1.229 sec
[M::bwa_idx_load_from_disk] read 0 ALT contigs
[M::process] read 111112 sequences (10000080 bp)...
[M::process] read 111112 sequences (10000080 bp)...
[M::mem_pestat] # candidate unique pairs for (FF, FR, RF, RR): (16, 44571, 4, 13)
[M::mem_pestat] analyzing insert size distribution for orientation FF...
[M::mem_pestat] (25, 50, 75) percentile: (335, 2742, 3501)
[M::mem_pestat] low and high boundaries for computing mean and std.dev: (1, 9833)
[M::mem_pestat] mean and std.dev: (2504.12, 2125.58)
[M::mem_pestat] low and high boundaries for proper pairs: (1, 12999)
[M::mem_pestat] analyzing insert size distribution for orientation FR...
[M::mem_pestat] (25, 50, 75) percentile: (456, 465, 474)
[M::mem_pestat] low and high boundaries for computing mean and std.dev: (420, 510)
[M::mem_pestat] mean and std.dev: (465.10, 14.04)
[M::mem_pestat] low and high boundaries for proper pairs: (402, 528)
[M::mem_pestat] skip orientation RF as there are not enough pairs
[M::mem_pestat] analyzing insert size distribution for orientation RR...
[M::mem_pestat] (25, 50, 75) percentile: (2744, 2755, 3503)
[M::mem_pestat] low and high boundaries for computing mean and std.dev: (1226, 5021)
[M::mem_pestat] mean and std.dev: (3028.23, 387.62)
[M::mem_pestat] low and high boundaries for proper pairs: (467, 5780)
[M::mem_pestat] skip orientation FF
[M::mem_pestat] skip orientation RR
[M::mem_process_seqs] Processed 111112 reads in 4.824 CPU sec, 4.826 real sec
[M::process] read 111112 sequences (10000080 bp)...
[M::mem_pestat] # candidate unique pairs for (FF, FR, RF, RR): (16, 44800, 5, 8)
[M::mem_pestat] analyzing insert size distribution for orientation FF...
[M::mem_pestat] (25, 50, 75) percentile: (346, 2754, 3536)
[M::mem_pestat] low and high boundaries for computing mean and std.dev: (1, 9916)
[M::mem_pestat] mean and std.dev: (2227.94, 1347.23)
[M::mem_pestat] low and high boundaries for proper pairs: (1, 13106)
[M::mem_pestat] analyzing insert size distribution for orientation FR...
[M::mem_pestat] (25, 50, 75) percentile: (456, 465, 474)
[M::mem_pestat] low and high boundaries for computing mean and std.dev: (420, 510)
[M::mem_pestat] mean and std.dev: (464.98, 14.05)
[M::mem_pestat] low and high boundaries for proper pairs: (402, 528)
[M::mem_pestat] skip orientation RF as there are not enough pairs
[M::mem_pestat] skip orientation RR as there are not enough pairs
[M::mem_pestat] skip orientation FF
[M::mem_process_seqs] Processed 111112 reads in 4.935 CPU sec, 5.051 real sec
[M::process] read 111112 sequences (10000080 bp)...
[M::mem_pestat] # candidate unique pairs for (FF, FR, RF, RR): (17, 44810, 1, 14)
[M::mem_pestat] analyzing insert size distribution for orientation FF...
[M::mem_pestat] (25, 50, 75) percentile: (2690, 2759, 3501)
[M::mem_pestat] low and high boundaries for computing mean and std.dev: (1068, 5123)
[M::mem_pestat] mean and std.dev: (2998.00, 374.71)
[M::mem_pestat] low and high boundaries for proper pairs: (257, 5934)
[M::mem_pestat] analyzing insert size distribution for orientation FR...
[M::mem_pestat] (25, 50, 75) percentile: (455, 465, 474)
[M::mem_pestat] low and high boundaries for computing mean and std.dev: (417, 512)
[M::mem_pestat] mean and std.dev: (464.83, 14.28)
[M::mem_pestat] low and high boundaries for proper pairs: (398, 531)
[M::mem_pestat] skip orientation RF as there are not enough pairs
[M::mem_pestat] analyzing insert size distribution for orientation RR...
[M::mem_pestat] (25, 50, 75) percentile: (2714, 2725, 2761)
[M::mem_pestat] low and high boundaries for computing mean and std.dev: (2620, 2855)
[M::mem_pestat] mean and std.dev: (2717.17, 30.77)
[M::mem_pestat] low and high boundaries for proper pairs: (2573, 2902)
[M::mem_pestat] skip orientation FF
[M::mem_pestat] skip orientation RR
[M::mem_process_seqs] Processed 111112 reads in 4.968 CPU sec, 5.084 real sec
[M::process] read 111112 sequences (10000080 bp)...
[M::mem_pestat] # candidate unique pairs for (FF, FR, RF, RR): (17, 44708, 3, 14)
[M::mem_pestat] analyzing insert size distribution for orientation FF...
[M::mem_pestat] (25, 50, 75) percentile: (333, 2718, 3554)
[M::mem_pestat] low and high boundaries for computing mean and std.dev: (1, 9996)
[M::mem_pestat] mean and std.dev: (2418.88, 1615.21)
[M::mem_pestat] low and high boundaries for proper pairs: (1, 13217)
[M::mem_pestat] analyzing insert size distribution for orientation FR...
[M::mem_pestat] (25, 50, 75) percentile: (456, 465, 474)
[M::mem_pestat] low and high boundaries for computing mean and std.dev: (420, 510)
[M::mem_pestat] mean and std.dev: (465.03, 14.17)
[M::mem_pestat] low and high boundaries for proper pairs: (402, 528)
[M::mem_pestat] skip orientation RF as there are not enough pairs
[M::mem_pestat] analyzing insert size distribution for orientation RR...
[M::mem_pestat] (25, 50, 75) percentile: (2715, 2742, 3500)
[M::mem_pestat] low and high boundaries for computing mean and std.dev: (1145, 5070)
[M::mem_pestat] mean and std.dev: (2985.15, 541.31)
[M::mem_pestat] low and high boundaries for proper pairs: (360, 5855)
[M::mem_pestat] skip orientation FF
[M::mem_pestat] skip orientation RR
[M::mem_process_seqs] Processed 111112 reads in 5.104 CPU sec, 5.215 real sec
[M::process] read 111112 sequences (10000080 bp)...
[M::mem_pestat] # candidate unique pairs for (FF, FR, RF, RR): (13, 44529, 2, 7)
[M::mem_pestat] analyzing insert size distribution for orientation FF...
[M::mem_pestat] (25, 50, 75) percentile: (363, 2757, 3514)
[M::mem_pestat] low and high boundaries for computing mean and std.dev: (1, 9816)
[M::mem_pestat] mean and std.dev: (2354.46, 1390.34)
[M::mem_pestat] low and high boundaries for proper pairs: (1, 12967)
[M::mem_pestat] analyzing insert size distribution for orientation FR...
[M::mem_pestat] (25, 50, 75) percentile: (456, 465, 474)
[M::mem_pestat] low and high boundaries for computing mean and std.dev: (420, 510)
[M::mem_pestat] mean and std.dev: (464.99, 14.11)
[M::mem_pestat] low and high boundaries for proper pairs: (402, 528)
[M::mem_pestat] skip orientation RF as there are not enough pairs
[M::mem_pestat] skip orientation RR as there are not enough pairs
[M::mem_pestat] skip orientation FF
[M::mem_process_seqs] Processed 111112 reads in 5.143 CPU sec, 5.258 real sec
[M::process] read 111112 sequences (10000080 bp)...
[M::mem_pestat] # candidate unique pairs for (FF, FR, RF, RR): (28, 44566, 0, 17)
[M::mem_pestat] analyzing insert size distribution for orientation FF...
[M::mem_pestat] (25, 50, 75) percentile: (337, 2710, 3491)
[M::mem_pestat] low and high boundaries for computing mean and std.dev: (1, 9799)
[M::mem_pestat] mean and std.dev: (2284.68, 1811.57)
[M::mem_pestat] low and high boundaries for proper pairs: (1, 12953)
[M::mem_pestat] analyzing insert size distribution for orientation FR...
[M::mem_pestat] (25, 50, 75) percentile: (456, 465, 474)
[M::mem_pestat] low and high boundaries for computing mean and std.dev: (420, 510)
[M::mem_pestat] mean and std.dev: (465.04, 14.07)
[M::mem_pestat] low and high boundaries for proper pairs: (402, 528)
[M::mem_pestat] skip orientation RF as there are not enough pairs
[M::mem_pestat] analyzing insert size distribution for orientation RR...
[M::mem_pestat] (25, 50, 75) percentile: (2743, 2758, 3550)
[M::mem_pestat] low and high boundaries for computing mean and std.dev: (1129, 5164)
[M::mem_pestat] mean and std.dev: (3075.12, 394.27)
[M::mem_pestat] low and high boundaries for proper pairs: (322, 5971)
[M::mem_pestat] skip orientation FF
[M::mem_pestat] skip orientation RR
[M::mem_process_seqs] Processed 111112 reads in 5.028 CPU sec, 5.138 real sec
[M::process] read 111112 sequences (10000080 bp)...
[M::mem_pestat] # candidate unique pairs for (FF, FR, RF, RR): (24, 44641, 5, 13)
[M::mem_pestat] analyzing insert size distribution for orientation FF...
[M::mem_pestat] (25, 50, 75) percentile: (2638, 2719, 2787)
[M::mem_pestat] low and high boundaries for computing mean and std.dev: (2340, 3085)
[M::mem_pestat] mean and std.dev: (2711.46, 32.53)
[M::mem_pestat] low and high boundaries for proper pairs: (2191, 3234)
[M::mem_pestat] analyzing insert size distribution for orientation FR...
[M::mem_pestat] (25, 50, 75) percentile: (455, 465, 474)
[M::mem_pestat] low and high boundaries for computing mean and std.dev: (417, 512)
[M::mem_pestat] mean and std.dev: (464.85, 14.25)
[M::mem_pestat] low and high boundaries for proper pairs: (398, 531)
[M::mem_pestat] skip orientation RF as there are not enough pairs
[M::mem_pestat] analyzing insert size distribution for orientation RR...
[M::mem_pestat] (25, 50, 75) percentile: (2703, 2751, 3494)
[M::mem_pestat] low and high boundaries for computing mean and std.dev: (1121, 5076)
[M::mem_pestat] mean and std.dev: (2877.85, 372.70)
[M::mem_pestat] low and high boundaries for proper pairs: (330, 5867)
[M::mem_pestat] skip orientation FF
[M::mem_pestat] skip orientation RR
[M::mem_process_seqs] Processed 111112 reads in 5.038 CPU sec, 5.153 real sec
[M::process] read 111112 sequences (10000080 bp)...
[M::mem_pestat] # candidate unique pairs for (FF, FR, RF, RR): (11, 44385, 2, 7)
[M::mem_pestat] analyzing insert size distribution for orientation FF...
[M::mem_pestat] (25, 50, 75) percentile: (304, 2665, 2741)
[M::mem_pestat] low and high boundaries for computing mean and std.dev: (1, 7615)
[M::mem_pestat] mean and std.dev: (1690.09, 1293.12)
[M::mem_pestat] low and high boundaries for proper pairs: (1, 10052)
[M::mem_pestat] analyzing insert size distribution for orientation FR...
[M::mem_pestat] (25, 50, 75) percentile: (456, 465, 474)
[M::mem_pestat] low and high boundaries for computing mean and std.dev: (420, 510)
[M::mem_pestat] mean and std.dev: (464.92, 14.03)
[M::mem_pestat] low and high boundaries for proper pairs: (402, 528)
[M::mem_pestat] skip orientation RF as there are not enough pairs
[M::mem_pestat] skip orientation RR as there are not enough pairs
[M::mem_pestat] skip orientation FF
[M::mem_process_seqs] Processed 111112 reads in 5.082 CPU sec, 5.192 real sec
[M::process] read 111112 sequences (10000080 bp)...
[M::mem_pestat] # candidate unique pairs for (FF, FR, RF, RR): (15, 44437, 4, 8)
[M::mem_pestat] analyzing insert size distribution for orientation FF...
[M::mem_pestat] (25, 50, 75) percentile: (2681, 2747, 3517)
[M::mem_pestat] low and high boundaries for computing mean and std.dev: (1009, 5189)
[M::mem_pestat] mean and std.dev: (3039.60, 486.72)
[M::mem_pestat] low and high boundaries for proper pairs: (173, 6025)
[M::mem_pestat] analyzing insert size distribution for orientation FR...
[M::mem_pestat] (25, 50, 75) percentile: (455, 465, 474)
[M::mem_pestat] low and high boundaries for computing mean and std.dev: (417, 512)
[M::mem_pestat] mean and std.dev: (464.88, 14.25)
[M::mem_pestat] low and high boundaries for proper pairs: (398, 531)
[M::mem_pestat] skip orientation RF as there are not enough pairs
[M::mem_pestat] skip orientation RR as there are not enough pairs
[M::mem_pestat] skip orientation FF
[M::mem_process_seqs] Processed 111112 reads in 5.180 CPU sec, 5.287 real sec
[M::process] read 111112 sequences (10000080 bp)...
[M::mem_pestat] # candidate unique pairs for (FF, FR, RF, RR): (10, 44366, 2, 6)
[M::mem_pestat] analyzing insert size distribution for orientation FF...
[M::mem_pestat] (25, 50, 75) percentile: (2664, 3496, 3559)
[M::mem_pestat] low and high boundaries for computing mean and std.dev: (874, 5349)
[M::mem_pestat] mean and std.dev: (3189.71, 408.75)
[M::mem_pestat] low and high boundaries for proper pairs: (1, 6244)
[M::mem_pestat] analyzing insert size distribution for orientation FR...
[M::mem_pestat] (25, 50, 75) percentile: (456, 465, 474)
[M::mem_pestat] low and high boundaries for computing mean and std.dev: (420, 510)
[M::mem_pestat] mean and std.dev: (465.01, 13.99)
[M::mem_pestat] low and high boundaries for proper pairs: (402, 528)
[M::mem_pestat] skip orientation RF as there are not enough pairs
[M::mem_pestat] skip orientation RR as there are not enough pairs
[M::mem_pestat] skip orientation FF
[M::mem_process_seqs] Processed 111112 reads in 5.274 CPU sec, 5.384 real sec
[M::process] read 111112 sequences (10000080 bp)...
[M::mem_pestat] # candidate unique pairs for (FF, FR, RF, RR): (19, 44776, 3, 15)
[M::mem_pestat] analyzing insert size distribution for orientation FF...
[M::mem_pestat] (25, 50, 75) percentile: (2665, 2737, 2754)
[M::mem_pestat] low and high boundaries for computing mean and std.dev: (2487, 2932)
[M::mem_pestat] mean and std.dev: (2719.33, 36.76)
[M::mem_pestat] low and high boundaries for proper pairs: (2398, 3021)
[M::mem_pestat] analyzing insert size distribution for orientation FR...
[M::mem_pestat] (25, 50, 75) percentile: (456, 465, 474)
[M::mem_pestat] low and high boundaries for computing mean and std.dev: (420, 510)
[M::mem_pestat] mean and std.dev: (465.07, 14.04)
[M::mem_pestat] low and high boundaries for proper pairs: (402, 528)
[M::mem_pestat] skip orientation RF as there are not enough pairs
[M::mem_pestat] analyzing insert size distribution for orientation RR...
[M::mem_pestat] (25, 50, 75) percentile: (2685, 2768, 3550)
[M::mem_pestat] low and high boundaries for computing mean and std.dev: (955, 5280)
[M::mem_pestat] mean and std.dev: (3093.60, 425.70)
[M::mem_pestat] low and high boundaries for proper pairs: (90, 6145)
[M::mem_pestat] skip orientation FF
[M::mem_pestat] skip orientation RR
[M::mem_process_seqs] Processed 111112 reads in 5.002 CPU sec, 5.127 real sec
[M::process] read 111112 sequences (10000080 bp)...
[M::mem_pestat] # candidate unique pairs for (FF, FR, RF, RR): (21, 44675, 5, 10)
[M::mem_pestat] analyzing insert size distribution for orientation FF...
[M::mem_pestat] (25, 50, 75) percentile: (330, 2641, 3496)
[M::mem_pestat] low and high boundaries for computing mean and std.dev: (1, 9828)
[M::mem_pestat] mean and std.dev: (1751.05, 1425.14)
[M::mem_pestat] low and high boundaries for proper pairs: (1, 12994)
[M::mem_pestat] analyzing insert size distribution for orientation FR...
[M::mem_pestat] (25, 50, 75) percentile: (456, 465, 474)
[M::mem_pestat] low and high boundaries for computing mean and std.dev: (420, 510)
[M::mem_pestat] mean and std.dev: (464.96, 14.03)
[M::mem_pestat] low and high boundaries for proper pairs: (402, 528)
[M::mem_pestat] skip orientation RF as there are not enough pairs
[M::mem_pestat] analyzing insert size distribution for orientation RR...
[M::mem_pestat] (25, 50, 75) percentile: (2759, 3548, 3571)
[M::mem_pestat] low and high boundaries for computing mean and std.dev: (1135, 5195)
[M::mem_pestat] mean and std.dev: (3498.50, 628.61)
[M::mem_pestat] low and high boundaries for proper pairs: (323, 6013)
[M::mem_pestat] skip orientation FF
[M::mem_pestat] skip orientation RR
[M::mem_process_seqs] Processed 111112 reads in 4.980 CPU sec, 5.097 real sec
[M::process] read 111112 sequences (10000080 bp)...
[M::mem_pestat] # candidate unique pairs for (FF, FR, RF, RR): (17, 44617, 2, 12)
[M::mem_pestat] analyzing insert size distribution for orientation FF...
[M::mem_pestat] (25, 50, 75) percentile: (2695, 2756, 3519)
[M::mem_pestat] low and high boundaries for computing mean and std.dev: (1047, 5167)
[M::mem_pestat] mean and std.dev: (3018.21, 382.55)
[M::mem_pestat] low and high boundaries for proper pairs: (223, 5991)
[M::mem_pestat] analyzing insert size distribution for orientation FR...
[M::mem_pestat] (25, 50, 75) percentile: (456, 465, 474)
[M::mem_pestat] low and high boundaries for computing mean and std.dev: (420, 510)
[M::mem_pestat] mean and std.dev: (464.93, 14.06)
[M::mem_pestat] low and high boundaries for proper pairs: (402, 528)
[M::mem_pestat] skip orientation RF as there are not enough pairs
[M::mem_pestat] analyzing insert size distribution for orientation RR...
[M::mem_pestat] (25, 50, 75) percentile: (2743, 2769, 3567)
[M::mem_pestat] low and high boundaries for computing mean and std.dev: (1095, 5215)
[M::mem_pestat] mean and std.dev: (3019.36, 408.34)
[M::mem_pestat] low and high boundaries for proper pairs: (271, 6039)
[M::mem_pestat] skip orientation FF
[M::mem_pestat] skip orientation RR
[M::mem_process_seqs] Processed 111112 reads in 4.994 CPU sec, 5.103 real sec
[M::process] read 111112 sequences (10000080 bp)...
[M::mem_pestat] # candidate unique pairs for (FF, FR, RF, RR): (21, 44607, 5, 15)
[M::mem_pestat] analyzing insert size distribution for orientation FF...
[M::mem_pestat] (25, 50, 75) percentile: (356, 2768, 3540)
[M::mem_pestat] low and high boundaries for computing mean and std.dev: (1, 9908)
[M::mem_pestat] mean and std.dev: (2283.29, 1409.37)
[M::mem_pestat] low and high boundaries for proper pairs: (1, 13092)
[M::mem_pestat] analyzing insert size distribution for orientation FR...
[M::mem_pestat] (25, 50, 75) percentile: (456, 465, 474)
[M::mem_pestat] low and high boundaries for computing mean and std.dev: (420, 510)
[M::mem_pestat] mean and std.dev: (464.97, 14.08)
[M::mem_pestat] low and high boundaries for proper pairs: (402, 528)
[M::mem_pestat] skip orientation RF as there are not enough pairs
[M::mem_pestat] analyzing insert size distribution for orientation RR...
[M::mem_pestat] (25, 50, 75) percentile: (2722, 2771, 3548)
[M::mem_pestat] low and high boundaries for computing mean and std.dev: (1070, 5200)
[M::mem_pestat] mean and std.dev: (3114.21, 505.95)
[M::mem_pestat] low and high boundaries for proper pairs: (244, 6026)
[M::mem_pestat] skip orientation FF
[M::mem_pestat] skip orientation RR
[M::mem_process_seqs] Processed 111112 reads in 5.013 CPU sec, 5.122 real sec
[M::process] read 111112 sequences (10000080 bp)...
[M::mem_pestat] # candidate unique pairs for (FF, FR, RF, RR): (19, 44550, 2, 11)
[M::mem_pestat] analyzing insert size distribution for orientation FF...
[M::mem_pestat] (25, 50, 75) percentile: (355, 2672, 2746)
[M::mem_pestat] low and high boundaries for computing mean and std.dev: (1, 7528)
[M::mem_pestat] mean and std.dev: (1940.26, 1305.38)
[M::mem_pestat] low and high boundaries for proper pairs: (1, 9919)
[M::mem_pestat] analyzing insert size distribution for orientation FR...
[M::mem_pestat] (25, 50, 75) percentile: (456, 465, 474)
[M::mem_pestat] low and high boundaries for computing mean and std.dev: (420, 510)
[M::mem_pestat] mean and std.dev: (465.02, 14.07)
[M::mem_pestat] low and high boundaries for proper pairs: (402, 528)
[M::mem_pestat] skip orientation RF as there are not enough pairs
[M::mem_pestat] analyzing insert size distribution for orientation RR...
[M::mem_pestat] (25, 50, 75) percentile: (2702, 3494, 3582)
[M::mem_pestat] low and high boundaries for computing mean and std.dev: (942, 5342)
[M::mem_pestat] mean and std.dev: (3124.50, 431.36)
[M::mem_pestat] low and high boundaries for proper pairs: (62, 6222)
[M::mem_pestat] skip orientation FF
[M::mem_pestat] skip orientation RR
[M::mem_process_seqs] Processed 111112 reads in 5.260 CPU sec, 5.372 real sec
[M::process] read 111112 sequences (10000080 bp)...
[M::mem_pestat] # candidate unique pairs for (FF, FR, RF, RR): (18, 44538, 4, 13)
[M::mem_pestat] analyzing insert size distribution for orientation FF...
[M::mem_pestat] (25, 50, 75) percentile: (304, 2733, 2756)
[M::mem_pestat] low and high boundaries for computing mean and std.dev: (1, 7660)
[M::mem_pestat] mean and std.dev: (1975.06, 1663.30)
[M::mem_pestat] low and high boundaries for proper pairs: (1, 10112)
[M::mem_pestat] analyzing insert size distribution for orientation FR...
[M::mem_pestat] (25, 50, 75) percentile: (456, 465, 474)
[M::mem_pestat] low and high boundaries for computing mean and std.dev: (420, 510)
[M::mem_pestat] mean and std.dev: (464.89, 14.15)
[M::mem_pestat] low and high boundaries for proper pairs: (402, 528)
[M::mem_pestat] skip orientation RF as there are not enough pairs
[M::mem_pestat] analyzing insert size distribution for orientation RR...
[M::mem_pestat] (25, 50, 75) percentile: (2726, 2742, 2771)
[M::mem_pestat] low and high boundaries for computing mean and std.dev: (2636, 2861)
[M::mem_pestat] mean and std.dev: (2728.18, 32.61)
[M::mem_pestat] low and high boundaries for proper pairs: (2591, 2906)
[M::mem_pestat] skip orientation FF
[M::mem_pestat] skip orientation RR
[M::mem_process_seqs] Processed 111112 reads in 5.075 CPU sec, 5.185 real sec
[M::process] read 111112 sequences (10000080 bp)...
[M::mem_pestat] # candidate unique pairs for (FF, FR, RF, RR): (23, 44365, 3, 9)
[M::mem_pestat] analyzing insert size distribution for orientation FF...
[M::mem_pestat] (25, 50, 75) percentile: (322, 2674, 2753)
[M::mem_pestat] low and high boundaries for computing mean and std.dev: (1, 7615)
[M::mem_pestat] mean and std.dev: (2020.57, 1543.14)
[M::mem_pestat] low and high boundaries for proper pairs: (1, 10046)
[M::mem_pestat] analyzing insert size distribution for orientation FR...
[M::mem_pestat] (25, 50, 75) percentile: (455, 465, 474)
[M::mem_pestat] low and high boundaries for computing mean and std.dev: (417, 512)
[M::mem_pestat] mean and std.dev: (464.73, 14.18)
[M::mem_pestat] low and high boundaries for proper pairs: (398, 531)
[M::mem_pestat] skip orientation RF as there are not enough pairs
[M::mem_pestat] skip orientation RR as there are not enough pairs
[M::mem_pestat] skip orientation FF
[M::mem_process_seqs] Processed 111112 reads in 5.097 CPU sec, 5.214 real sec
[M::process] read 111112 sequences (10000080 bp)...
[M::mem_pestat] # candidate unique pairs for (FF, FR, RF, RR): (8, 44366, 2, 5)
[M::mem_pestat] skip orientation FF as there are not enough pairs
[M::mem_pestat] analyzing insert size distribution for orientation FR...
[M::mem_pestat] (25, 50, 75) percentile: (455, 465, 474)
[M::mem_pestat] low and high boundaries for computing mean and std.dev: (417, 512)
[M::mem_pestat] mean and std.dev: (464.78, 14.24)
[M::mem_pestat] low and high boundaries for proper pairs: (398, 531)
[M::mem_pestat] skip orientation RF as there are not enough pairs
[M::mem_pestat] skip orientation RR as there are not enough pairs
[M::mem_process_seqs] Processed 111112 reads in 5.143 CPU sec, 5.254 real sec
[M::process] read 111112 sequences (10000080 bp)...
[M::mem_pestat] # candidate unique pairs for (FF, FR, RF, RR): (12, 44342, 2, 10)
[M::mem_pestat] analyzing insert size distribution for orientation FF...
[M::mem_pestat] (25, 50, 75) percentile: (345, 357, 2717)
[M::mem_pestat] low and high boundaries for computing mean and std.dev: (1, 7461)
[M::mem_pestat] mean and std.dev: (1393.42, 1280.18)
[M::mem_pestat] low and high boundaries for proper pairs: (1, 9833)
[M::mem_pestat] analyzing insert size distribution for orientation FR...
[M::mem_pestat] (25, 50, 75) percentile: (455, 465, 474)
[M::mem_pestat] low and high boundaries for computing mean and std.dev: (417, 512)
[M::mem_pestat] mean and std.dev: (464.74, 14.34)
[M::mem_pestat] low and high boundaries for proper pairs: (398, 531)
[M::mem_pestat] skip orientation RF as there are not enough pairs
[M::mem_pestat] analyzing insert size distribution for orientation RR...
[M::mem_pestat] (25, 50, 75) percentile: (2756, 3526, 3566)
[M::mem_pestat] low and high boundaries for computing mean and std.dev: (1136, 5186)
[M::mem_pestat] mean and std.dev: (3165.44, 421.19)
[M::mem_pestat] low and high boundaries for proper pairs: (326, 5996)
[M::mem_pestat] skip orientation FF
[M::mem_pestat] skip orientation RR
[M::mem_process_seqs] Processed 111112 reads in 5.213 CPU sec, 5.323 real sec
[M::process] read 111112 sequences (10000080 bp)...
[M::mem_pestat] # candidate unique pairs for (FF, FR, RF, RR): (11, 44799, 1, 16)
[M::mem_pestat] analyzing insert size distribution for orientation FF...
[M::mem_pestat] (25, 50, 75) percentile: (2702, 2749, 3531)
[M::mem_pestat] low and high boundaries for computing mean and std.dev: (1044, 5189)
[M::mem_pestat] mean and std.dev: (3000.00, 389.91)
[M::mem_pestat] low and high boundaries for proper pairs: (215, 6018)
[M::mem_pestat] analyzing insert size distribution for orientation FR...
[M::mem_pestat] (25, 50, 75) percentile: (456, 465, 474)
[M::mem_pestat] low and high boundaries for computing mean and std.dev: (420, 510)
[M::mem_pestat] mean and std.dev: (465.13, 14.11)
[M::mem_pestat] low and high boundaries for proper pairs: (402, 528)
[M::mem_pestat] skip orientation RF as there are not enough pairs
[M::mem_pestat] analyzing insert size distribution for orientation RR...
[M::mem_pestat] (25, 50, 75) percentile: (2701, 2743, 3505)
[M::mem_pestat] low and high boundaries for computing mean and std.dev: (1093, 5113)
[M::mem_pestat] mean and std.dev: (2925.67, 357.06)
[M::mem_pestat] low and high boundaries for proper pairs: (289, 5917)
[M::mem_pestat] skip orientation FF
[M::mem_pestat] skip orientation RR
[M::mem_process_seqs] Processed 111112 reads in 4.950 CPU sec, 5.061 real sec
[M::process] read 111112 sequences (10000080 bp)...
[M::mem_pestat] # candidate unique pairs for (FF, FR, RF, RR): (16, 44625, 2, 7)
[M::mem_pestat] analyzing insert size distribution for orientation FF...
[M::mem_pestat] (25, 50, 75) percentile: (2680, 2744, 3496)
[M::mem_pestat] low and high boundaries for computing mean and std.dev: (1048, 5128)
[M::mem_pestat] mean and std.dev: (3027.77, 395.33)
[M::mem_pestat] low and high boundaries for proper pairs: (232, 5944)
[M::mem_pestat] analyzing insert size distribution for orientation FR...
[M::mem_pestat] (25, 50, 75) percentile: (456, 465, 474)
[M::mem_pestat] low and high boundaries for computing mean and std.dev: (420, 510)
[M::mem_pestat] mean and std.dev: (465.00, 14.10)
[M::mem_pestat] low and high boundaries for proper pairs: (402, 528)
[M::mem_pestat] skip orientation RF as there are not enough pairs
[M::mem_pestat] skip orientation RR as there are not enough pairs
[M::mem_pestat] skip orientation FF
[M::mem_process_seqs] Processed 111112 reads in 4.995 CPU sec, 5.104 real sec
[M::process] read 111112 sequences (10000080 bp)...
[M::mem_pestat] # candidate unique pairs for (FF, FR, RF, RR): (17, 44739, 3, 14)
[M::mem_pestat] analyzing insert size distribution for orientation FF...
[M::mem_pestat] (25, 50, 75) percentile: (361, 2666, 2759)
[M::mem_pestat] low and high boundaries for computing mean and std.dev: (1, 7555)
[M::mem_pestat] mean and std.dev: (2131.47, 1233.10)
[M::mem_pestat] low and high boundaries for proper pairs: (1, 9953)
[M::mem_pestat] analyzing insert size distribution for orientation FR...
[M::mem_pestat] (25, 50, 75) percentile: (456, 465, 474)
[M::mem_pestat] low and high boundaries for computing mean and std.dev: (420, 510)
[M::mem_pestat] mean and std.dev: (465.10, 14.04)
[M::mem_pestat] low and high boundaries for proper pairs: (402, 528)
[M::mem_pestat] skip orientation RF as there are not enough pairs
[M::mem_pestat] analyzing insert size distribution for orientation RR...
[M::mem_pestat] (25, 50, 75) percentile: (2696, 2742, 3507)
[M::mem_pestat] low and high boundaries for computing mean and std.dev: (1074, 5129)
[M::mem_pestat] mean and std.dev: (2846.67, 305.58)
[M::mem_pestat] low and high boundaries for proper pairs: (263, 5940)
[M::mem_pestat] skip orientation FF
[M::mem_pestat] skip orientation RR
[M::mem_process_seqs] Processed 111112 reads in 4.991 CPU sec, 5.099 real sec
[M::process] read 111112 sequences (10000080 bp)...
[M::mem_pestat] # candidate unique pairs for (FF, FR, RF, RR): (11, 44722, 0, 12)
[M::mem_pestat] analyzing insert size distribution for orientation FF...
[M::mem_pestat] (25, 50, 75) percentile: (397, 2668, 3496)
[M::mem_pestat] low and high boundaries for computing mean and std.dev: (1, 9694)
[M::mem_pestat] mean and std.dev: (2055.55, 1333.06)
[M::mem_pestat] low and high boundaries for proper pairs: (1, 12793)
[M::mem_pestat] analyzing insert size distribution for orientation FR...
[M::mem_pestat] (25, 50, 75) percentile: (456, 465, 474)
[M::mem_pestat] low and high boundaries for computing mean and std.dev: (420, 510)
[M::mem_pestat] mean and std.dev: (464.95, 14.06)
[M::mem_pestat] low and high boundaries for proper pairs: (402, 528)
[M::mem_pestat] skip orientation RF as there are not enough pairs
[M::mem_pestat] analyzing insert size distribution for orientation RR...
[M::mem_pestat] (25, 50, 75) percentile: (2750, 2758, 3513)
[M::mem_pestat] low and high boundaries for computing mean and std.dev: (1224, 5039)
[M::mem_pestat] mean and std.dev: (2943.92, 349.90)
[M::mem_pestat] low and high boundaries for proper pairs: (461, 5802)
[M::mem_pestat] skip orientation FF
[M::mem_pestat] skip orientation RR
[M::mem_process_seqs] Processed 111112 reads in 4.995 CPU sec, 5.117 real sec
[M::process] read 111112 sequences (10000080 bp)...
[M::mem_pestat] # candidate unique pairs for (FF, FR, RF, RR): (16, 44747, 2, 8)
[M::mem_pestat] analyzing insert size distribution for orientation FF...
[M::mem_pestat] (25, 50, 75) percentile: (327, 364, 2724)
[M::mem_pestat] low and high boundaries for computing mean and std.dev: (1, 7518)
[M::mem_pestat] mean and std.dev: (1321.38, 1318.00)
[M::mem_pestat] low and high boundaries for proper pairs: (1, 9915)
[M::mem_pestat] analyzing insert size distribution for orientation FR...
[M::mem_pestat] (25, 50, 75) percentile: (456, 465, 474)
[M::mem_pestat] low and high boundaries for computing mean and std.dev: (420, 510)
[M::mem_pestat] mean and std.dev: (464.96, 14.04)
[M::mem_pestat] low and high boundaries for proper pairs: (402, 528)
[M::mem_pestat] skip orientation RF as there are not enough pairs
[M::mem_pestat] skip orientation RR as there are not enough pairs
[M::mem_pestat] skip orientation FF
[M::mem_process_seqs] Processed 111112 reads in 4.995 CPU sec, 5.105 real sec
[M::process] read 111112 sequences (10000080 bp)...
[M::mem_pestat] # candidate unique pairs for (FF, FR, RF, RR): (20, 44540, 2, 9)
[M::mem_pestat] analyzing insert size distribution for orientation FF...
[M::mem_pestat] (25, 50, 75) percentile: (335, 2673, 2718)
[M::mem_pestat] low and high boundaries for computing mean and std.dev: (1, 7484)
[M::mem_pestat] mean and std.dev: (1680.35, 1240.76)
[M::mem_pestat] low and high boundaries for proper pairs: (1, 9867)
[M::mem_pestat] analyzing insert size distribution for orientation FR...
[M::mem_pestat] (25, 50, 75) percentile: (455, 465, 474)
[M::mem_pestat] low and high boundaries for computing mean and std.dev: (417, 512)
[M::mem_pestat] mean and std.dev: (464.81, 14.20)
[M::mem_pestat] low and high boundaries for proper pairs: (398, 531)
[M::mem_pestat] skip orientation RF as there are not enough pairs
[M::mem_pestat] skip orientation RR as there are not enough pairs
[M::mem_pestat] skip orientation FF
[M::mem_process_seqs] Processed 111112 reads in 5.272 CPU sec, 5.381 real sec
[M::mem_pestat] # candidate unique pairs for (FF, FR, RF, RR): (16, 44819, 3, 16)
[M::mem_pestat] analyzing insert size distribution for orientation FF...
[M::mem_pestat] (25, 50, 75) percentile: (318, 2671, 3505)
[M::mem_pestat] low and high boundaries for computing mean and std.dev: (1, 9879)
[M::mem_pestat] mean and std.dev: (1756.12, 1477.51)
[M::mem_pestat] low and high boundaries for proper pairs: (1, 13066)
[M::mem_pestat] analyzing insert size distribution for orientation FR...
[M::mem_pestat] (25, 50, 75) percentile: (456, 465, 474)
[M::mem_pestat] low and high boundaries for computing mean and std.dev: (420, 510)
[M::mem_pestat] mean and std.dev: (465.07, 14.05)
[M::mem_pestat] low and high boundaries for proper pairs: (402, 528)
[M::mem_pestat] skip orientation RF as there are not enough pairs
[M::mem_pestat] analyzing insert size distribution for orientation RR...
[M::mem_pestat] (25, 50, 75) percentile: (2744, 2779, 3580)
[M::mem_pestat] low and high boundaries for computing mean and std.dev: (1072, 5252)
[M::mem_pestat] mean and std.dev: (3149.50, 542.13)
[M::mem_pestat] low and high boundaries for proper pairs: (236, 6088)
[M::mem_pestat] skip orientation FF
[M::mem_pestat] skip orientation RR
[M::mem_process_seqs] Processed 111112 reads in 4.977 CPU sec, 9.928 real sec
[M::process] read 111112 sequences (10000080 bp)...
[M::process] read 111112 sequences (10000080 bp)...
[M::mem_pestat] # candidate unique pairs for (FF, FR, RF, RR): (19, 44450, 3, 17)
[M::mem_pestat] analyzing insert size distribution for orientation FF...
[M::mem_pestat] (25, 50, 75) percentile: (307, 2706, 2753)
[M::mem_pestat] low and high boundaries for computing mean and std.dev: (1, 7645)
[M::mem_pestat] mean and std.dev: (2097.26, 1303.23)
[M::mem_pestat] low and high boundaries for proper pairs: (1, 10091)
[M::mem_pestat] analyzing insert size distribution for orientation FR...
[M::mem_pestat] (25, 50, 75) percentile: (455, 465, 474)
[M::mem_pestat] low and high boundaries for computing mean and std.dev: (417, 512)
[M::mem_pestat] mean and std.dev: (464.74, 14.22)
[M::mem_pestat] low and high boundaries for proper pairs: (398, 531)
[M::mem_pestat] skip orientation RF as there are not enough pairs
[M::mem_pestat] analyzing insert size distribution for orientation RR...
[M::mem_pestat] (25, 50, 75) percentile: (2737, 3508, 3605)
[M::mem_pestat] low and high boundaries for computing mean and std.dev: (1001, 5341)
[M::mem_pestat] mean and std.dev: (3134.86, 413.32)
[M::mem_pestat] low and high boundaries for proper pairs: (133, 6209)
[M::mem_pestat] skip orientation FF
[M::mem_pestat] skip orientation RR
[M::mem_process_seqs] Processed 111112 reads in 5.284 CPU sec, 5.285 real sec
[M::process] read 111112 sequences (10000080 bp)...
[M::mem_pestat] # candidate unique pairs for (FF, FR, RF, RR): (21, 44534, 3, 6)
[M::mem_pestat] analyzing insert size distribution for orientation FF...
[M::mem_pestat] (25, 50, 75) percentile: (2688, 2749, 3521)
[M::mem_pestat] low and high boundaries for computing mean and std.dev: (1022, 5187)
[M::mem_pestat] mean and std.dev: (3044.53, 388.90)
[M::mem_pestat] low and high boundaries for proper pairs: (189, 6020)
[M::mem_pestat] analyzing insert size distribution for orientation FR...
[M::mem_pestat] (25, 50, 75) percentile: (455, 465, 474)
[M::mem_pestat] low and high boundaries for computing mean and std.dev: (417, 512)
[M::mem_pestat] mean and std.dev: (464.75, 14.18)
[M::mem_pestat] low and high boundaries for proper pairs: (398, 531)
[M::mem_pestat] skip orientation RF as there are not enough pairs
[M::mem_pestat] skip orientation RR as there are not enough pairs
[M::mem_pestat] skip orientation FF
[M::mem_process_seqs] Processed 111112 reads in 5.170 CPU sec, 5.265 real sec
[M::process] read 111086 sequences (9997740 bp)...
[M::mem_pestat] # candidate unique pairs for (FF, FR, RF, RR): (13, 44483, 2, 19)
[M::mem_pestat] analyzing insert size distribution for orientation FF...
[M::mem_pestat] (25, 50, 75) percentile: (344, 3494, 3534)
[M::mem_pestat] low and high boundaries for computing mean and std.dev: (1, 9914)
[M::mem_pestat] mean and std.dev: (2410.31, 1438.29)
[M::mem_pestat] low and high boundaries for proper pairs: (1, 13104)
[M::mem_pestat] analyzing insert size distribution for orientation FR...
[M::mem_pestat] (25, 50, 75) percentile: (456, 465, 474)
[M::mem_pestat] low and high boundaries for computing mean and std.dev: (420, 510)
[M::mem_pestat] mean and std.dev: (465.06, 14.06)
[M::mem_pestat] low and high boundaries for proper pairs: (402, 528)
[M::mem_pestat] skip orientation RF as there are not enough pairs
[M::mem_pestat] analyzing insert size distribution for orientation RR...
[M::mem_pestat] (25, 50, 75) percentile: (2717, 2741, 3547)
[M::mem_pestat] low and high boundaries for computing mean and std.dev: (1057, 5207)
[M::mem_pestat] mean and std.dev: (3009.53, 515.83)
[M::mem_pestat] low and high boundaries for proper pairs: (227, 6037)
[M::mem_pestat] skip orientation FF
[M::mem_pestat] skip orientation RR
[M::mem_process_seqs] Processed 111112 reads in 5.060 CPU sec, 5.155 real sec
[M::mem_pestat] # candidate unique pairs for (FF, FR, RF, RR): (19, 44582, 2, 7)
[M::mem_pestat] analyzing insert size distribution for orientation FF...
[M::mem_pestat] (25, 50, 75) percentile: (2660, 2756, 3524)
[M::mem_pestat] low and high boundaries for computing mean and std.dev: (932, 5252)
[M::mem_pestat] mean and std.dev: (2950.62, 423.83)
[M::mem_pestat] low and high boundaries for proper pairs: (68, 6116)
[M::mem_pestat] analyzing insert size distribution for orientation FR...
[M::mem_pestat] (25, 50, 75) percentile: (456, 465, 474)
[M::mem_pestat] low and high boundaries for computing mean and std.dev: (420, 510)
[M::mem_pestat] mean and std.dev: (465.11, 14.17)
[M::mem_pestat] low and high boundaries for proper pairs: (402, 528)
[M::mem_pestat] skip orientation RF as there are not enough pairs
[M::mem_pestat] skip orientation RR as there are not enough pairs
[M::mem_pestat] skip orientation FF
[M::mem_process_seqs] Processed 111086 reads in 4.840 CPU sec, 4.935 real sec
[main] Version: 0.7.17-r1188
[main] CMD: bwa mem -M /home/miba8458/2020.03_GenomeAnalysisCourse/scratch/4_DNA_bwa_onCanu_PacBio/pacbio_index /home/miba8458/2020.03_GenomeAnalysisCourse/data/raw_ext/link_to_raw_data/genomics_data/Illumina/E745-1.L500_SZAXPI015146-56_1_clean.fq.gz /home/miba8458/2020.03_GenomeAnalysisCourse/data/raw_ext/link_to_raw_data/genomics_data/Illumina/E745-1.L500_SZAXPI015146-56_2_clean.fq.gz
[main] Real time: 170.969 sec; CPU: 152.625 sec
[bam_sort_core] merging from 1 files and 1 in-memory blocks...
