1: PREPARING DATA
2,3: RUNNING mummer AND CREATING CLUSTERS
# reading input file "out.ntref" of length 3052576
# construct suffix tree for sequence of length 3052576
# (maximum reference length is 2305843009213693948)
# (maximum query length is 18446744073709551615)
# process 30525 characters per dot
#....................................................................................................
# CONSTRUCTIONTIME /sw/bioinfo/MUMmer/3.23/rackham/mummer out.ntref 1.22
# reading input file "/home/miba8458/2020.03_GenomeAnalysisCourse/scratch/2a_DNA_spades_Nano_Illumina/contigs.fasta" of length 3140656
# matching query-file "/home/miba8458/2020.03_GenomeAnalysisCourse/scratch/2a_DNA_spades_Nano_Illumina/contigs.fasta"
# against subject-file "out.ntref"
# COMPLETETIME /sw/bioinfo/MUMmer/3.23/rackham/mummer out.ntref 3.68
# SPACE /sw/bioinfo/MUMmer/3.23/rackham/mummer out.ntref 6.01
4: FINISHING DATA
defined(%hash) is deprecated at /sw/bioinfo/MUMmer/3.23/rackham/mummerplot line 884.
	(Maybe you should just omit the defined()?)
defined(%hash) is deprecated at /sw/bioinfo/MUMmer/3.23/rackham/mummerplot line 894.
	(Maybe you should just omit the defined()?)
defined(%hash) is deprecated at /sw/bioinfo/MUMmer/3.23/rackham/mummerplot line 981.
	(Maybe you should just omit the defined()?)
defined(%hash) is deprecated at /sw/bioinfo/MUMmer/3.23/rackham/mummerplot line 991.
	(Maybe you should just omit the defined()?)
defined(%hash) is deprecated at /sw/bioinfo/MUMmer/3.23/rackham/mummerplot line 1034.
	(Maybe you should just omit the defined()?)
defined(%hash) is deprecated at /sw/bioinfo/MUMmer/3.23/rackham/mummerplot line 1044.
	(Maybe you should just omit the defined()?)
gnuplot 4.6 patchlevel 2
Reading delta file out.delta
Writing plot files out.fplot, out.rplot
Writing gnuplot script out.gp
Rendering plot out.png
