Note the old-format NCBI blast databases are no longer being updated after September 2019, instead use blast/2.9.0+
[10:05:01] This is prokka 1.12
[10:05:01] Written by Torsten Seemann <torsten.seemann@gmail.com>
[10:05:01] Homepage is https://github.com/tseemann/prokka
[10:05:01] Local time is Wed Apr 29 10:05:01 2020
[10:05:01] You are miba8458
[10:05:01] Operating system is linux
[10:05:01] You have BioPerl 1.007001
[10:05:01] System has 20 cores.
[10:05:01] Will use maximum of 8 cores.
[10:05:01] Annotating as >>> Bacteria <<<
[10:05:01] Generating locus_tag from '/home/miba8458/2020.03_GenomeAnalysisCourse/scratch/5_DNA_Pilon_onCanu_PacBio/pilon_output_canu_nano.fasta' contents.
[10:05:01] Setting --locustag NBCAEPAK from MD5 7bcae9a416179d2078847658c38fdc7e
[10:05:01] Creating new output folder: /home/miba8458/2020.03_GenomeAnalysisCourse/scratch/7_DNA_prokka_onCanu
[10:05:01] Running: mkdir -p \/home\/miba8458\/2020\.03_GenomeAnalysisCourse\/scratch\/7_DNA_prokka_onCanu
[10:05:01] Using filename prefix: prokka_canu.XXX
[10:05:01] Setting HMMER_NCPU=1
[10:05:01] Writing log to: /home/miba8458/2020.03_GenomeAnalysisCourse/scratch/7_DNA_prokka_onCanu/prokka_canu.log
[10:05:01] Command: /sw/bioinfo/prokka/1.12-12547ca/rackham/bin/prokka --outdir /home/miba8458/2020.03_GenomeAnalysisCourse/scratch/7_DNA_prokka_onCanu --prefix prokka_canu /home/miba8458/2020.03_GenomeAnalysisCourse/scratch/5_DNA_Pilon_onCanu_PacBio/pilon_output_canu_nano.fasta
[10:05:01] Appending to PATH: /sw/bioinfo/prokka/1.12-12547ca/rackham/bin/../binaries/linux
[10:05:01] Appending to PATH: /sw/bioinfo/prokka/1.12-12547ca/rackham/bin/../binaries/linux/../common
[10:05:01] Appending to PATH: /sw/bioinfo/prokka/1.12-12547ca/rackham/bin
[10:05:01] Looking for 'aragorn' - found /sw/bioinfo/prokka/1.12-12547ca/rackham/bin/../binaries/linux/aragorn
[10:05:01] Determined aragorn version is 1.2
[10:05:01] Looking for 'barrnap' - found /sw/bioinfo/barrnap/0.8/rackham/bin/barrnap
[10:05:02] Determined barrnap version is 0.8
[10:05:02] Looking for 'blastp' - found /sw/bioinfo/blast/2.6.0+/rackham/bin/blastp
[10:05:02] Determined blastp version is 2.6
[10:05:02] Looking for 'cmpress' - found /sw/bioinfo/prokka/1.12-12547ca/rackham/bin/../binaries/linux/cmpress
[10:05:02] Determined cmpress version is 1.1
[10:05:02] Looking for 'cmscan' - found /sw/bioinfo/prokka/1.12-12547ca/rackham/bin/../binaries/linux/cmscan
[10:05:02] Determined cmscan version is 1.1
[10:05:02] Looking for 'egrep' - found /usr/bin/egrep
[10:05:02] Looking for 'find' - found /usr/bin/find
[10:05:02] Looking for 'grep' - found /usr/bin/grep
[10:05:02] Looking for 'hmmpress' - found /sw/apps/bioinfo/hmmer/3.1b2/rackham/bin/hmmpress
[10:05:02] Determined hmmpress version is 3.1
[10:05:02] Looking for 'hmmscan' - found /sw/apps/bioinfo/hmmer/3.1b2/rackham/bin/hmmscan
[10:05:02] Determined hmmscan version is 3.1
[10:05:02] Looking for 'java' - found /usr/bin/java
[10:05:02] Looking for 'less' - found /usr/bin/less
[10:05:02] Looking for 'makeblastdb' - found /sw/bioinfo/blast/2.6.0+/rackham/bin/makeblastdb
[10:05:02] Determined makeblastdb version is 2.6
[10:05:02] Looking for 'minced' - found /sw/apps/bioinfo/minced/0.2.0/rackham/minced
[10:05:02] Determined minced version is 2.0
[10:05:02] Looking for 'parallel' - found /sw/parallel/gnuparallel/20170122/rackham/bin/parallel
[10:05:02] Determined parallel version is 20170122
[10:05:02] Looking for 'prodigal' - found /sw/apps/bioinfo/prodigal/2.6.3/rackham/bin/prodigal
[10:05:02] Determined prodigal version is 2.6
[10:05:02] Looking for 'prokka-genbank_to_fasta_db' - found /sw/bioinfo/prokka/1.12-12547ca/rackham/bin/prokka-genbank_to_fasta_db
[10:05:02] Looking for 'sed' - found /usr/bin/sed
[10:05:02] Looking for 'signalp' - found /sw/bioinfo/SignalP/4.1f/rackham/signalp
[10:05:02] Determined signalp version is 4.1
[10:05:02] Looking for 'tbl2asn' - found /sw/bioinfo/tbl2asn/25.8/rackham/tbl2asn
[10:05:02] Determined tbl2asn version is 25.8
[10:05:02] Using genetic code table 11.
[10:05:02] Loading and checking input file: /home/miba8458/2020.03_GenomeAnalysisCourse/scratch/5_DNA_Pilon_onCanu_PacBio/pilon_output_canu_nano.fasta
[10:05:03] Wrote 10 contigs totalling 3166347 bp.
[10:05:03] Predicting tRNAs and tmRNAs
[10:05:03] Running: aragorn -l -gc11  -w \/home\/miba8458\/2020\.03_GenomeAnalysisCourse\/scratch\/7_DNA_prokka_onCanu\/prokka_canu\.fna
[10:05:04] 1 tRNA-Val [650060,650134] 35 (tac)
[10:05:04] 2 tRNA-Lys [650136,650210] 35 (ttt)
[10:05:04] 3 tRNA-Leu [650216,650299] 36 (tag)
[10:05:04] 4 tRNA-Thr [650315,650390] 35 (tgt)
[10:05:04] 5 tRNA-Gly [650400,650471] 33 (gcc)
[10:05:04] 6 tRNA-Leu [650488,650573] 35 (taa)
[10:05:04] 7 tRNA-Arg [650583,650658] 36 (acg)
[10:05:04] 8 tRNA-Pro [650679,650752] 35 (tgg)
[10:05:04] 9 tRNA-Arg [650809,650885] 36 (acg)
[10:05:04] 10 tRNA-Ala [876909,876981] 34 (tgc)
[10:05:04] 11 tRNA-Val [880411,880485] 35 (tac)
[10:05:04] 12 tRNA-Lys [880487,880561] 35 (ttt)
[10:05:04] 13 tRNA-Leu [880567,880650] 36 (tag)
[10:05:04] 14 tRNA-Thr [880666,880741] 35 (tgt)
[10:05:04] 15 tRNA-Gly [880751,880822] 33 (gcc)
[10:05:04] 16 tRNA-Leu [880839,880924] 35 (taa)
[10:05:04] 17 tRNA-Arg [880934,881009] 36 (acg)
[10:05:04] 18 tRNA-Pro [881018,881091] 35 (tgg)
[10:05:04] 19 tRNA-Ala [881111,881183] 34 (tgc)
[10:05:04] 20 tRNA-Met [881210,881285] 36 (cat)
[10:05:04] 21 tRNA-Met [881297,881372] 36 (cat)
[10:05:04] 22 tRNA-Ser [881395,881484] 37 (tga)
[10:05:04] 23 tRNA-Met [881496,881571] 36 (cat)
[10:05:04] 24 tRNA-Asp [881589,881664] 34 (gtc)
[10:05:04] 25 tRNA-Gly [881666,881736] 33 (tcc)
[10:05:04] 26 tRNA-Ile [881749,881824] 36 (gat)
[10:05:04] 27 tRNA-Ser [881847,881936] 36 (gct)
[10:05:04] 28 tRNA-Glu [881956,882029] 35 (ttc)
[10:05:04] 29 tRNA-Ser [882051,882140] 37 (tga)
[10:05:04] 30 tRNA-Met [882152,882227] 36 (cat)
[10:05:04] 31 tRNA-Asp [882244,882318] 35 (gtc)
[10:05:04] 32 tRNA-Phe [882320,882394] 35 (gaa)
[10:05:04] 33 tRNA-Gly [882398,882468] 33 (tcc)
[10:05:04] 34 tRNA-Ile [882480,882555] 36 (gat)
[10:05:04] 35 tRNA-Glu [882565,882638] 35 (ttc)
[10:05:04] 36 tRNA-Lys c[1082702,1082774] 34 (ctt)
[10:05:04] 37 tRNA-Met [1134643,1134716] 35 (cat)
[10:05:04] 38 tRNA-Ala [1263912,1263984] 34 (tgc)
[10:05:04] 39 tRNA-Asn [1267410,1267485] 36 (gtt)
[10:05:04] 40 tRNA-Ser [1267523,1267614] 36 (gga)
[10:05:04] 41 tRNA-Glu [1267627,1267700] 35 (ttc)
[10:05:04] 42 tRNA-Val [1267714,1267788] 35 (tac)
[10:05:04] 43 tRNA-Asp [1267796,1267871] 35 (gtc)
[10:05:04] 44 tRNA-Phe [1267905,1267980] 34 (gaa)
[10:05:04] 45 tRNA-Tyr [1267981,1268063] 36 (gta)
[10:05:04] 46 tRNA-Trp [1268069,1268142] 33 (cca)
[10:05:04] 47 tRNA-His [1268145,1268218] 34 (gtg)
[10:05:04] 48 tRNA-Gln [1268228,1268301] 34 (ttg)
[10:05:04] 49 tRNA-Cys [1268346,1268416] 33 (gca)
[10:05:04] 50 tRNA-Leu [1268436,1268522] 36 (caa)
[10:05:04] 51 tRNA-His [1268583,1268656] 34 (gtg)
[10:05:04] 52 tRNA-Gln [1268664,1268737] 34 (ttg)
[10:05:04] 53 tRNA-Leu [1268753,1268839] 36 (caa)
[10:05:04] 54 tRNA-Leu c[1431905,1431989] 35 (gag)
[10:05:04] 55 tRNA-Leu [1521027,1521112] 36 (cag)
[10:05:04] 56 tRNA-Gln c[1525482,1525554] 34 (ctg)
[10:05:04] 57 tRNA-Met c[1749459,1749534] 36 (cat)
[10:05:04] 58 tRNA-Ser c[2013316,2013403] 33 (cga)
[10:05:04] 59 tmRNA [2042221,2042584] 91,129 AKNENNSYALAA*
[10:05:04] 60 tRNA-Met c[2044971,2045044] 35 (cat)
[10:05:04] 61 tRNA-Gln c[2289454,2289527] 34 (ttg)
[10:05:04] 62 tRNA-Tyr c[2289533,2289613] 35 (gta)
[10:05:04] 63 tRNA-Arg [2320230,2320303] 35 (ccg)
[10:05:04] 64 tRNA-Gly c[2391361,2391431] 33 (ccc)
[10:05:04] 65 tRNA-Asn c[2444521,2444596] 36 (gtt)
[10:05:04] 66 tRNA-Thr [2444809,2444881] 34 (ggt)
[10:05:04] 67 tRNA-Asn c[2447867,2447942] 36 (gtt)
[10:05:04] 68 tRNA-Thr c[2536594,2536666] 34 (cgt)
[10:05:04] 69 tRNA-Met c[2606933,2607006] 35 (cat)
[10:05:04] 70 tRNA-Arg c[2644286,2644361] 36 (cct)
[10:05:04] 71 tRNA-Arg c[2698395,2698469] 35 (tct)
[10:05:04] Found 71 tRNAs
[10:05:04] Predicting Ribosomal RNAs
[10:05:04] Running Barrnap with 8 threads
[10:05:10] 1 tig00000001_pilon 219158 5S ribosomal RNA
[10:05:10] 2 tig00000001_pilon 219367 23S ribosomal RNA
[10:05:10] 3 tig00000001_pilon 222624 16S ribosomal RNA
[10:05:10] 4 tig00000001_pilon 645021 16S ribosomal RNA
[10:05:10] 5 tig00000001_pilon 646925 23S ribosomal RNA
[10:05:10] 6 tig00000001_pilon 649934 5S ribosomal RNA
[10:05:10] 7 tig00000001_pilon 875276 16S ribosomal RNA
[10:05:10] 8 tig00000001_pilon 877276 23S ribosomal RNA
[10:05:10] 9 tig00000001_pilon 880285 5S ribosomal RNA
[10:05:10] 10 tig00000001_pilon 971471 16S ribosomal RNA
[10:05:10] 11 tig00000001_pilon 973375 23S ribosomal RNA
[10:05:10] 12 tig00000001_pilon 976384 5S ribosomal RNA
[10:05:10] 13 tig00000001_pilon 1262278 16S ribosomal RNA
[10:05:10] 14 tig00000001_pilon 1264279 23S ribosomal RNA
[10:05:10] 15 tig00000001_pilon 1267288 5S ribosomal RNA
[10:05:10] 16 tig00000001_pilon 2447954 5S ribosomal RNA
[10:05:10] 17 tig00000001_pilon 2448163 23S ribosomal RNA
[10:05:10] 18 tig00000001_pilon 2451420 16S ribosomal RNA
[10:05:10] Found 18 rRNAs
[10:05:10] Skipping ncRNA search, enable with --rfam if desired.
[10:05:10] Total of 88 tRNA + rRNA features
[10:05:10] Searching for CRISPR repeats
[10:05:11] Found 0 CRISPRs
[10:05:11] Predicting coding sequences
[10:05:11] Contigs total 3166347 bp, so using single mode
[10:05:11] Running: prodigal -i \/home\/miba8458\/2020\.03_GenomeAnalysisCourse\/scratch\/7_DNA_prokka_onCanu\/prokka_canu\.fna -c -m -g 11 -p single -f sco -q
[10:05:20] Found 3086 CDS
[10:05:20] Connecting features back to sequences
[10:05:20] Option --gram not specified, will NOT check for signal peptides.
[10:05:20] Not using genus-specific database. Try --usegenus to enable it.
[10:05:20] Annotating CDS, please be patient.
[10:05:20] Will use 8 CPUs for similarity searching.
[10:05:22] There are still 3086 unannotated CDS left (started with 3086)
[10:05:22] Will use blast to search against /sw/bioinfo/prokka/1.12-12547ca/rackham/bin/../db/kingdom/Bacteria/sprot with 8 CPUs
[10:05:22] Running: cat \/home\/miba8458\/2020\.03_GenomeAnalysisCourse\/scratch\/7_DNA_prokka_onCanu\/sprot\.faa | parallel --gnu --plain -j 8 --block 57153 --recstart '>' --pipe blastp -query - -db /sw/bioinfo/prokka/1.12-12547ca/rackham/bin/../db/kingdom/Bacteria/sprot -evalue 1e-06 -num_threads 1 -num_descriptions 1 -num_alignments 1 -seg no > \/home\/miba8458\/2020\.03_GenomeAnalysisCourse\/scratch\/7_DNA_prokka_onCanu\/sprot\.blast 2> /dev/null
[10:09:37] Modify product: CutC-like protein M6_Spy0363 => CutC-like protein
[10:09:37] Modify product: Uncharacterized ABC transporter ATP-binding protein YbhF => putative ABC transporter ATP-binding protein YbhF
[10:09:37] Modify product: Probable transporter SCO4007 => putative transporter
[10:09:37] Modify product: Uncharacterized ABC transporter ATP-binding protein YbiT => putative ABC transporter ATP-binding protein YbiT
[10:09:37] Modify product: DegV domain-containing protein MW1315 => DegV domain-containing protein
[10:09:38] Modify product: Probable undecaprenyl-phosphate N-acetylglucosaminyl 1-phosphate transferase => putative undecaprenyl-phosphate N-acetylglucosaminyl 1-phosphate transferase
[10:09:38] Modify product: Uncharacterized glycosyltransferase EpsJ => putative glycosyltransferase EpsJ
[10:09:38] Modify product: Uncharacterized glycosyltransferase EpsJ => putative glycosyltransferase EpsJ
[10:09:38] Modify product: Acetyltransferase SACOL1063 => Acetyltransferase
[10:09:38] Modify product: RNA-binding protein HI_1333 => RNA-binding protein
[10:09:38] Modify product: Probable transcriptional regulatory protein SA0624 => putative transcriptional regulatory protein
[10:09:38] Modify product: Probable tautomerase SA1195.1 => putative tautomerase.1
[10:09:38] Modify product: Uncharacterized HTH-type transcriptional regulator YbbH => putative HTH-type transcriptional regulator YbbH
[10:09:38] Modify product: Probable L-ascorbate-6-phosphate lactonase UlaG => putative L-ascorbate-6-phosphate lactonase UlaG
[10:09:38] Modify product: Deacetylase EF_0837 => Deacetylase
[10:09:38] Modify product: Uncharacterized HTH-type transcriptional regulator HI_0186 => putative HTH-type transcriptional regulator
[10:09:38] Modify product: Putative universal stress protein SA1532 => Putative universal stress protein
[10:09:38] Modify product: Calcium-transporting ATPase lmo0841 => Calcium-transporting ATPase
[10:09:38] Modify product: Probable cation-transporting ATPase E => putative cation-transporting ATPase E
[10:09:38] Modify product: Putative dipeptidase SACOL1801 => Putative dipeptidase
[10:09:38] Modify product: 30S ribosomal protein S1 homolog => 30S ribosomal protein S1 
[10:09:38] Modify product: DegV domain-containing protein SP_1112 => DegV domain-containing protein
[10:09:38] Modify product: Uncharacterized hydrolase YxeP => putative hydrolase YxeP
[10:09:38] Modify product: Glutathione peroxidase homolog BsaA => Glutathione peroxidase BsaA
[10:09:38] Modify product: Uncharacterized ABC transporter ATP-binding protein Rv0986 => putative ABC transporter ATP-binding protein
[10:09:38] Modify product: N-acetylmuramoyl-L-alanine amidase domain-containing protein SAOUHSC_02979 => N-acetylmuramoyl-L-alanine amidase domain-containing protein
[10:09:38] Modify product: Uncharacterized membrane protein YdfK => putative membrane protein YdfK
[10:09:38] Modify product: Uncharacterized ABC transporter ATP-binding protein YknY => putative ABC transporter ATP-binding protein YknY
[10:09:38] Modify product: Probable UbiX-like flavin prenyltransferase => putative UbiX-like flavin prenyltransferase
[10:09:38] Modify product: Uncharacterized N-acetyltransferase YjaB => putative N-acetyltransferase YjaB
[10:09:38] Modify product: Probable glutamate/gamma-aminobutyrate antiporter => putative glutamate/gamma-aminobutyrate antiporter
[10:09:38] Modify product: Probable adenylyltransferase/sulfurtransferase MoeZ => putative adenylyltransferase/sulfurtransferase MoeZ
[10:09:38] Modify product: Uncharacterized oxidoreductase SpyM50865 => putative oxidoreductase
[10:09:38] Modify product: Putative universal stress protein SA1532 => Putative universal stress protein
[10:09:38] Modify product: Putative esterase aq_1494 => Putative esterase
[10:09:38] Modify product: Probable acrylyl-CoA reductase AcuI => putative acrylyl-CoA reductase AcuI
[10:09:38] Modify product: Uncharacterized sugar epimerase YhfK => putative sugar epimerase YhfK
[10:09:38] Modify product: PTS system EIIBC component SA0186 => PTS system EIIBC component
[10:09:38] Modify product: Uncharacterized ABC transporter ATP-binding protein YheS => putative ABC transporter ATP-binding protein YheS
[10:09:38] Modify product: Uncharacterized amino acid permease YvbW => putative amino acid permease YvbW
[10:09:38] Modify product: Phosphorylated carbohydrates phosphatase TM_1254 => Phosphorylated carbohydrates phosphatase
[10:09:38] Modify product: Uncharacterized HTH-type transcriptional regulator YtcD => putative HTH-type transcriptional regulator YtcD
[10:09:38] Modify product: Putative lipid kinase SP_1045 => Putative lipid kinase
[10:09:38] Modify product: Uncharacterized ABC transporter ATP-binding protein YknY => putative ABC transporter ATP-binding protein YknY
[10:09:38] Modify product: Probable type I restriction enzyme BthVORF4518P M protein => putative type I restriction enzymeP M protein
[10:09:38] Modify product: Probable ABC transporter ATP-binding protein M6_Spy0273 => putative ABC transporter ATP-binding protein
[10:09:38] Modify product: Prophage bactoprenol glucosyl transferase homolog => Prophage bactoprenol glucosyl transferase 
[10:09:38] Modify product: TelA-like protein SA1238 => TelA-like protein
[10:09:38] Modify product: Uncharacterized amino acid permease YhdG => putative amino acid permease YhdG
[10:09:38] Modify product: Probable glucose uptake protein GlcU => putative glucose uptake protein GlcU
[10:09:38] Modify product: Probable arabinose-binding protein => putative arabinose-binding protein
[10:09:38] Modify product: Probable manganese catalase => putative manganese catalase
[10:09:38] Modify product: Probable pyridine nucleotide-disulfide oxidoreductase RclA => putative pyridine nucleotide-disulfide oxidoreductase RclA
[10:09:38] Modify product: Probable transport protein YifK => putative transport protein YifK
[10:09:38] Modify product: Probable manganese-dependent inorganic pyrophosphatase => putative manganese-dependent inorganic pyrophosphatase
[10:09:38] Modify product: Probable HTH-type transcriptional repressor ExuR => putative HTH-type transcriptional repressor ExuR
[10:09:38] Modify product: Uncharacterized membrane protein YuaF => putative membrane protein YuaF
[10:09:38] Modify product: Uncharacterized response regulatory protein SACOL0201 => putative response regulatory protein
[10:09:38] Modify product: Probable peptidoglycan glycosyltransferase FtsW => putative peptidoglycan glycosyltransferase FtsW
[10:09:38] Modify product: Probable metallo-hydrolase M6_Spy0554 => putative metallo-hydrolase
[10:09:38] Modify product: Probable ATP-dependent helicase DinG homolog => putative ATP-dependent helicase DinG 
[10:09:38] Modify product: Putative universal stress protein SA1532 => Putative universal stress protein
[10:09:38] Modify product: Probable glutamine ABC transporter permease protein GlnM => putative glutamine ABC transporter permease protein GlnM
[10:09:38] Modify product: Probable glutamine ABC transporter permease protein GlnP => putative glutamine ABC transporter permease protein GlnP
[10:09:38] Modify product: Putative metallophosphoesterase MG207 homolog => Putative metallophosphoesterase MG207 
[10:09:38] Modify product: Uncharacterized MscS family protein YkuT => putative MscS family protein YkuT
[10:09:38] Modify product: Zinc-type alcohol dehydrogenase-like protein SA1988 => Zinc-type alcohol dehydrogenase-like protein
[10:09:38] Modify product: Probable protein kinase UbiB => putative protein kinase UbiB
[10:09:38] Modify product: Uncharacterized N-acetyltransferase Rv2669 => putative N-acetyltransferase
[10:09:38] Modify product: Uncharacterized ABC transporter solute-binding protein YclQ => putative ABC transporter solute-binding protein YclQ
[10:09:38] Modify product: Putative peptide transport permease protein Rv1282c => Putative peptide transport permease protein
[10:09:38] Modify product: Uncharacterized PIN and TRAM-domain containing protein YacL => putative PIN and TRAM-domain containing protein YacL
[10:09:39] Modify product: Acetyltransferase SACOL1063 => Acetyltransferase
[10:09:39] Modify product: Uncharacterized zinc protease Rv2782c => putative zinc protease
[10:09:39] Modify product: Probable transcriptional regulatory protein HI_0315 => putative transcriptional regulatory protein
[10:09:39] Modify product: Probable tRNA-dihydrouridine synthase => putative tRNA-dihydrouridine synthase
[10:09:39] Modify product: Uncharacterized ABC transporter ATP-binding protein Rv1273c => putative ABC transporter ATP-binding protein
[10:09:39] Modify product: Uncharacterized ABC transporter ATP-binding protein TM_0288 => putative ABC transporter ATP-binding protein
[10:09:39] Modify product: Uncharacterized ABC transporter ATP-binding protein TM_0288 => putative ABC transporter ATP-binding protein
[10:09:39] Modify product: Uncharacterized ABC transporter ATP-binding protein Rv1273c => putative ABC transporter ATP-binding protein
[10:09:39] Modify product: Probable licABCH operon regulator => putative licABCH operon regulator
[10:09:39] Modify product: Uncharacterized multiple-sugar transport system permease YteP => putative multiple-sugar transport system permease YteP
[10:09:39] Modify product: Uncharacterized response regulatory protein SACOL0201 => putative response regulatory protein
[10:09:39] Modify product: Putative multidrug export ATP-binding/permease protein SA1683 => Putative multidrug export ATP-binding/permease protein
[10:09:39] Modify product: Probable HTH-type transcriptional repressor ExuR => putative HTH-type transcriptional repressor ExuR
[10:09:39] Modify product: Uncharacterized multiple-sugar transport system permease YteP => putative multiple-sugar transport system permease YteP
[10:09:39] Modify product: Uncharacterized symporter YjmB => putative symporter YjmB
[10:09:39] Modify product: Uncharacterized metallophosphoesterase YhaO => putative metallophosphoesterase YhaO
[10:09:39] Modify product: Uncharacterized HIT-like protein Rv0759c => putative HIT-like protein
[10:09:39] Modify product: Uncharacterized ABC transporter ATP-binding protein YbiT => putative ABC transporter ATP-binding protein YbiT
[10:09:39] Modify product: Putative universal stress protein SA1532 => Putative universal stress protein
[10:09:39] Modify product: Uncharacterized AAA domain-containing protein Rv2559c => putative AAA domain-containing protein
[10:09:39] Modify product: Uncharacterized ABC transporter ATP-binding protein YbiT => putative ABC transporter ATP-binding protein YbiT
[10:09:39] Modify product: DegV domain-containing protein MW1315 => DegV domain-containing protein
[10:09:39] Modify product: Probable chromosome-partitioning protein ParB => putative chromosome-partitioning protein ParB
[10:09:39] Modify product: Uncharacterized protease YdcP => putative protease YdcP
[10:09:39] Modify product: Uncharacterized protease YdcP => putative protease YdcP
[10:09:39] Modify product: Uncharacterized GTP-binding protein YjiA => putative GTP-binding protein YjiA
[10:09:39] Modify product: Probable tRNA-dihydrouridine synthase => putative tRNA-dihydrouridine synthase
[10:09:39] Modify product: Zinc-type alcohol dehydrogenase-like protein SA1988 => Zinc-type alcohol dehydrogenase-like protein
[10:09:39] Modify product: Putative acetyltransferase SA2342 => Putative acetyltransferase
[10:09:39] Modify product: Uncharacterized oxidoreductase SA2266 => putative oxidoreductase
[10:09:39] Modify product: Uncharacterized HTH-type transcriptional regulator BA_1941/GBAA_1941/BAS1801 => putative HTH-type transcriptional regulator/GBAA_1941/BAS1801
[10:09:39] Modify product: Putative phosphatase M6_Spy0533 => Putative phosphatase
[10:09:39] Modify product: Probable endopeptidase p60 => putative endopeptidase p60
[10:09:39] Modify product: Probable cation-transporting ATPase E => putative cation-transporting ATPase E
[10:09:39] Modify product: Probable copper-importing P-type ATPase A => putative copper-importing P-type ATPase A
[10:09:39] Modify product: Probable phosphotransferase enzyme IIB component M6_Spy0801 => putative phosphotransferase enzyme IIB component
[10:09:39] Modify product: Probable acrylyl-CoA reductase AcuI => putative acrylyl-CoA reductase AcuI
[10:09:39] Modify product: Uncharacterized sugar epimerase YhfK => putative sugar epimerase YhfK
[10:09:39] Modify product: Uncharacterized multiple-sugar transport system permease YteP => putative multiple-sugar transport system permease YteP
[10:09:39] Modify product: Uncharacterized response regulatory protein SACOL0201 => putative response regulatory protein
[10:09:39] Modify product: Uncharacterized ABC transporter ATP-binding protein Rv0986 => putative ABC transporter ATP-binding protein
[10:09:39] Modify product: Uncharacterized epimerase/dehydratase SA0511 => putative epimerase/dehydratase
[10:09:39] Modify product: Acetyltransferase SACOL1063 => Acetyltransferase
[10:09:39] Modify product: Uncharacterized oxidoreductase YhhX => putative oxidoreductase YhhX
[10:09:39] Modify product: Uncharacterized HTH-type transcriptional regulator YbbH => putative HTH-type transcriptional regulator YbbH
[10:09:39] Modify product: Uncharacterized ABC transporter permease Rv0072 => putative ABC transporter permease
[10:09:39] Modify product: DegV domain-containing protein SA0704 => DegV domain-containing protein
[10:09:39] Modify product: Probable ABC transporter extracellular-binding protein YckB => putative ABC transporter extracellular-binding protein YckB
[10:09:39] Modify product: Probable peptidoglycan glycosyltransferase FtsW => putative peptidoglycan glycosyltransferase FtsW
[10:09:39] Modify product: Stress response regulator gls24 homolog => Stress response regulator gls24 
[10:09:39] Modify product: Stress response regulator gls24 homolog => Stress response regulator gls24 
[10:09:39] Modify product: Uncharacterized oxidoreductase YghA => putative oxidoreductase YghA
[10:09:39] Modify product: Phosphorylated carbohydrates phosphatase TM_1254 => Phosphorylated carbohydrates phosphatase
[10:09:39] Modify product: Uncharacterized oxidoreductase YbdH => putative oxidoreductase YbdH
[10:09:39] Modify product: Probable phosphotransferase enzyme IIB component M6_Spy0801 => putative phosphotransferase enzyme IIB component
[10:09:39] Modify product: Uncharacterized HTH-type transcriptional regulator YurK => putative HTH-type transcriptional regulator YurK
[10:09:39] Modify product: Putative conjugal transfer protein Rv3659c => Putative conjugal transfer protein
[10:09:39] Modify product: Probable endopeptidase p60 => putative endopeptidase p60
[10:09:39] Modify product: Probable mannose-6-phosphate isomerase GmuF => putative mannose-6-phosphate isomerase GmuF
[10:09:39] Modify product: Uncharacterized ABC transporter ATP-binding protein Rv1272c => putative ABC transporter ATP-binding protein
[10:09:39] Modify product: Uncharacterized ABC transporter ATP-binding protein Rv1273c => putative ABC transporter ATP-binding protein
[10:09:40] Modify product: Probable metabolite transport protein CsbC => putative metabolite transport protein CsbC
[10:09:40] Modify product: Probable ATP-dependent RNA helicase YfmL => putative ATP-dependent RNA helicase YfmL
[10:09:40] Modify product: Bifunctional protein FolD => Bifunctional protein FolD protein
[10:09:40] Modify product: N utilization substance protein B homolog => N utilization substance protein B 
[10:09:40] Modify product: Putative O-methyltransferase Rv1220c => Putative O-methyltransferase
[10:09:40] Modify product: Nucleoid-associated protein SP_1102 => Nucleoid-associated protein
[10:09:40] Modify product: Probable licABCH operon regulator => putative licABCH operon regulator
[10:09:40] Modify product: GTP cyclohydrolase 1 type 2 homolog => GTP cyclohydrolase 1 type 2 
[10:09:40] Modify product: Uncharacterized response regulatory protein SACOL0201 => putative response regulatory protein
[10:09:40] Modify product: Probable GTP-binding protein EngB => putative GTP-binding protein EngB
[10:09:40] Modify product: Probable glutamine ABC transporter permease protein GlnM => putative glutamine ABC transporter permease protein GlnM
[10:09:40] Modify product: Oxygen-independent coproporphyrinogen-III oxidase-like protein LL1139 => Oxygen-independent coproporphyrinogen-III oxidase-like protein
[10:09:40] Modify product: Uncharacterized protease YdeA => putative protease YdeA
[10:09:40] Modify product: Probable ribosomal protein YlxQ => putative ribosomal protein YlxQ
[10:09:40] Modify product: Probable HTH-type transcriptional repressor ExuR => putative HTH-type transcriptional repressor ExuR
[10:09:40] Modify product: Probable siderophore-binding lipoprotein YfiY => putative siderophore-binding lipoprotein YfiY
[10:09:40] Modify product: Uncharacterized ABC transporter permease Rv0072 => putative ABC transporter permease
[10:09:40] Modify product: Uncharacterized ABC transporter ATP-binding protein YheS => putative ABC transporter ATP-binding protein YheS
[10:09:40] Modify product: Probable arabinose-binding protein => putative arabinose-binding protein
[10:09:40] Modify product: Putative acetyltransferase SACOL2570 => Putative acetyltransferase
[10:09:40] Modify product: Uncharacterized ABC transporter ATP-binding protein TM_0288 => putative ABC transporter ATP-binding protein
[10:09:40] Modify product: Uncharacterized ABC transporter ATP-binding protein Rv1273c => putative ABC transporter ATP-binding protein
[10:09:40] Modify product: Phosphorylated carbohydrates phosphatase TM_1254 => Phosphorylated carbohydrates phosphatase
[10:09:40] Modify product: Probable tRNA sulfurtransferase => putative tRNA sulfurtransferase
[10:09:40] Modify product: Probable bifunctional oligoribonuclease and PAP phosphatase NrnA => putative bifunctional oligoribonuclease and PAP phosphatase NrnA
[10:09:40] Modify product: Probable phosphotransferase enzyme IIB component M6_Spy0801 => putative phosphotransferase enzyme IIB component
[10:09:40] Modify product: Uncharacterized ABC transporter ATP-binding protein Rv1273c => putative ABC transporter ATP-binding protein
[10:09:40] Modify product: Uncharacterized ABC transporter ATP-binding protein TM_0288 => putative ABC transporter ATP-binding protein
[10:09:40] Modify product: Probable dual-specificity RNA methyltransferase RlmN => putative dual-specificity RNA methyltransferase RlmN
[10:09:40] Modify product: Probable ATP-dependent helicase DinG homolog => putative ATP-dependent helicase DinG 
[10:09:40] Modify product: Uncharacterized glycosyltransferase EpsJ => putative glycosyltransferase EpsJ
[10:09:40] Modify product: Uncharacterized glycosyltransferase EpsJ => putative glycosyltransferase EpsJ
[10:09:40] Modify product: Uncharacterized sugar transferase EpsL => putative sugar transferase EpsL
[10:09:40] Modify product: Probable capsular polysaccharide biosynthesis protein YwqC => putative capsular polysaccharide biosynthesis protein YwqC
[10:09:40] Modify product: Probable 6-phospho-beta-glucosidase => putative 6-phospho-beta-glucosidase
[10:09:40] Modify product: Probable multidrug resistance ABC transporter ATP-binding/permease protein YheH => putative multidrug resistance ABC transporter ATP-binding/permease protein YheH
[10:09:40] Modify product: Probable multidrug resistance ABC transporter ATP-binding/permease protein YheI => putative multidrug resistance ABC transporter ATP-binding/permease protein YheI
[10:09:40] Modify product: Probable endonuclease 4 => putative endonuclease 4
[10:09:40] Modify product: Phosphate-specific transport system accessory protein PhoU homolog => Phosphate-specific transport system accessory protein PhoU 
[10:09:40] Modify product: Uncharacterized N-acetyltransferase YvbK => putative N-acetyltransferase YvbK
[10:09:40] Modify product: Probable protein-export membrane protein SecG => putative protein-export membrane protein SecG
[10:09:40] Modify product: Probable succinyl-diaminopimelate desuccinylase => putative succinyl-diaminopimelate desuccinylase
[10:09:40] Modify product: Probable DNA-directed RNA polymerase subunit delta => putative DNA-directed RNA polymerase subunit delta
[10:09:40] Modify product: Uncharacterized beta-barrel protein YwiB => putative beta-barrel protein YwiB
[10:09:40] Modify product: Uncharacterized isomerase YddE => putative isomerase YddE
[10:09:40] Cleaned 178 /product names
[10:09:40] Deleting unwanted file: /home/miba8458/2020.03_GenomeAnalysisCourse/scratch/7_DNA_prokka_onCanu/sprot.faa
[10:09:40] Deleting unwanted file: /home/miba8458/2020.03_GenomeAnalysisCourse/scratch/7_DNA_prokka_onCanu/sprot.blast
[10:09:41] There are still 1388 unannotated CDS left (started with 3086)
[10:09:41] Will use hmmer3 to search against /sw/bioinfo/prokka/1.12-12547ca/rackham/bin/../db/hmm/HAMAP.hmm with 8 CPUs
[10:09:41] Running: cat \/home\/miba8458\/2020\.03_GenomeAnalysisCourse\/scratch\/7_DNA_prokka_onCanu\/HAMAP\.hmm\.faa | parallel --gnu --plain -j 8 --block 20026 --recstart '>' --pipe hmmscan --noali --notextw --acc -E 1e-06 --cpu 1 /sw/bioinfo/prokka/1.12-12547ca/rackham/bin/../db/hmm/HAMAP.hmm /dev/stdin > \/home\/miba8458\/2020\.03_GenomeAnalysisCourse\/scratch\/7_DNA_prokka_onCanu\/HAMAP\.hmm\.hmmer3 2> /dev/null
