Started analysis of m131023_233432_42174_c100519312550000001823081209281335_s1_X0.1.subreads.fastq.gz
Approx 5% complete for m131023_233432_42174_c100519312550000001823081209281335_s1_X0.1.subreads.fastq.gz
Approx 15% complete for m131023_233432_42174_c100519312550000001823081209281335_s1_X0.1.subreads.fastq.gz
Approx 20% complete for m131023_233432_42174_c100519312550000001823081209281335_s1_X0.1.subreads.fastq.gz
Approx 30% complete for m131023_233432_42174_c100519312550000001823081209281335_s1_X0.1.subreads.fastq.gz
Approx 40% complete for m131023_233432_42174_c100519312550000001823081209281335_s1_X0.1.subreads.fastq.gz
Approx 45% complete for m131023_233432_42174_c100519312550000001823081209281335_s1_X0.1.subreads.fastq.gz
Approx 55% complete for m131023_233432_42174_c100519312550000001823081209281335_s1_X0.1.subreads.fastq.gz
Approx 60% complete for m131023_233432_42174_c100519312550000001823081209281335_s1_X0.1.subreads.fastq.gz
Approx 70% complete for m131023_233432_42174_c100519312550000001823081209281335_s1_X0.1.subreads.fastq.gz
Approx 80% complete for m131023_233432_42174_c100519312550000001823081209281335_s1_X0.1.subreads.fastq.gz
Approx 85% complete for m131023_233432_42174_c100519312550000001823081209281335_s1_X0.1.subreads.fastq.gz
Approx 95% complete for m131023_233432_42174_c100519312550000001823081209281335_s1_X0.1.subreads.fastq.gz
Analysis complete for m131023_233432_42174_c100519312550000001823081209281335_s1_X0.1.subreads.fastq.gz
Started analysis of m131023_233432_42174_c100519312550000001823081209281335_s1_X0.2.subreads.fastq.gz
Approx 5% complete for m131023_233432_42174_c100519312550000001823081209281335_s1_X0.2.subreads.fastq.gz
Approx 10% complete for m131023_233432_42174_c100519312550000001823081209281335_s1_X0.2.subreads.fastq.gz
Approx 20% complete for m131023_233432_42174_c100519312550000001823081209281335_s1_X0.2.subreads.fastq.gz
Approx 25% complete for m131023_233432_42174_c100519312550000001823081209281335_s1_X0.2.subreads.fastq.gz
Approx 30% complete for m131023_233432_42174_c100519312550000001823081209281335_s1_X0.2.subreads.fastq.gz
Approx 40% complete for m131023_233432_42174_c100519312550000001823081209281335_s1_X0.2.subreads.fastq.gz
Approx 45% complete for m131023_233432_42174_c100519312550000001823081209281335_s1_X0.2.subreads.fastq.gz
Approx 50% complete for m131023_233432_42174_c100519312550000001823081209281335_s1_X0.2.subreads.fastq.gz
Approx 60% complete for m131023_233432_42174_c100519312550000001823081209281335_s1_X0.2.subreads.fastq.gz
Approx 65% complete for m131023_233432_42174_c100519312550000001823081209281335_s1_X0.2.subreads.fastq.gz
Approx 70% complete for m131023_233432_42174_c100519312550000001823081209281335_s1_X0.2.subreads.fastq.gz
Approx 80% complete for m131023_233432_42174_c100519312550000001823081209281335_s1_X0.2.subreads.fastq.gz
Approx 85% complete for m131023_233432_42174_c100519312550000001823081209281335_s1_X0.2.subreads.fastq.gz
Approx 90% complete for m131023_233432_42174_c100519312550000001823081209281335_s1_X0.2.subreads.fastq.gz
Analysis complete for m131023_233432_42174_c100519312550000001823081209281335_s1_X0.2.subreads.fastq.gz
Started analysis of m131023_233432_42174_c100519312550000001823081209281335_s1_X0.3.subreads.fastq.gz
Approx 5% complete for m131023_233432_42174_c100519312550000001823081209281335_s1_X0.3.subreads.fastq.gz
Approx 10% complete for m131023_233432_42174_c100519312550000001823081209281335_s1_X0.3.subreads.fastq.gz
Approx 15% complete for m131023_233432_42174_c100519312550000001823081209281335_s1_X0.3.subreads.fastq.gz
Approx 25% complete for m131023_233432_42174_c100519312550000001823081209281335_s1_X0.3.subreads.fastq.gz
Approx 30% complete for m131023_233432_42174_c100519312550000001823081209281335_s1_X0.3.subreads.fastq.gz
Approx 35% complete for m131023_233432_42174_c100519312550000001823081209281335_s1_X0.3.subreads.fastq.gz
Approx 45% complete for m131023_233432_42174_c100519312550000001823081209281335_s1_X0.3.subreads.fastq.gz
Approx 50% complete for m131023_233432_42174_c100519312550000001823081209281335_s1_X0.3.subreads.fastq.gz
Approx 55% complete for m131023_233432_42174_c100519312550000001823081209281335_s1_X0.3.subreads.fastq.gz
Approx 65% complete for m131023_233432_42174_c100519312550000001823081209281335_s1_X0.3.subreads.fastq.gz
Approx 70% complete for m131023_233432_42174_c100519312550000001823081209281335_s1_X0.3.subreads.fastq.gz
Approx 75% complete for m131023_233432_42174_c100519312550000001823081209281335_s1_X0.3.subreads.fastq.gz
Approx 80% complete for m131023_233432_42174_c100519312550000001823081209281335_s1_X0.3.subreads.fastq.gz
Approx 90% complete for m131023_233432_42174_c100519312550000001823081209281335_s1_X0.3.subreads.fastq.gz
Approx 95% complete for m131023_233432_42174_c100519312550000001823081209281335_s1_X0.3.subreads.fastq.gz
Analysis complete for m131023_233432_42174_c100519312550000001823081209281335_s1_X0.3.subreads.fastq.gz
Started analysis of m131024_200535_42174_c100563672550000001823084212221342_s1_p0.1.subreads.fastq.gz
Approx 5% complete for m131024_200535_42174_c100563672550000001823084212221342_s1_p0.1.subreads.fastq.gz
Approx 10% complete for m131024_200535_42174_c100563672550000001823084212221342_s1_p0.1.subreads.fastq.gz
Approx 15% complete for m131024_200535_42174_c100563672550000001823084212221342_s1_p0.1.subreads.fastq.gz
Approx 20% complete for m131024_200535_42174_c100563672550000001823084212221342_s1_p0.1.subreads.fastq.gz
Approx 25% complete for m131024_200535_42174_c100563672550000001823084212221342_s1_p0.1.subreads.fastq.gz
Approx 30% complete for m131024_200535_42174_c100563672550000001823084212221342_s1_p0.1.subreads.fastq.gz
Approx 35% complete for m131024_200535_42174_c100563672550000001823084212221342_s1_p0.1.subreads.fastq.gz
Approx 40% complete for m131024_200535_42174_c100563672550000001823084212221342_s1_p0.1.subreads.fastq.gz
Approx 45% complete for m131024_200535_42174_c100563672550000001823084212221342_s1_p0.1.subreads.fastq.gz
Approx 50% complete for m131024_200535_42174_c100563672550000001823084212221342_s1_p0.1.subreads.fastq.gz
Approx 55% complete for m131024_200535_42174_c100563672550000001823084212221342_s1_p0.1.subreads.fastq.gz
Approx 60% complete for m131024_200535_42174_c100563672550000001823084212221342_s1_p0.1.subreads.fastq.gz
Approx 65% complete for m131024_200535_42174_c100563672550000001823084212221342_s1_p0.1.subreads.fastq.gz
Approx 70% complete for m131024_200535_42174_c100563672550000001823084212221342_s1_p0.1.subreads.fastq.gz
Approx 75% complete for m131024_200535_42174_c100563672550000001823084212221342_s1_p0.1.subreads.fastq.gz
Approx 80% complete for m131024_200535_42174_c100563672550000001823084212221342_s1_p0.1.subreads.fastq.gz
Approx 85% complete for m131024_200535_42174_c100563672550000001823084212221342_s1_p0.1.subreads.fastq.gz
Approx 90% complete for m131024_200535_42174_c100563672550000001823084212221342_s1_p0.1.subreads.fastq.gz
Approx 95% complete for m131024_200535_42174_c100563672550000001823084212221342_s1_p0.1.subreads.fastq.gz
Analysis complete for m131024_200535_42174_c100563672550000001823084212221342_s1_p0.1.subreads.fastq.gz
Started analysis of m131024_200535_42174_c100563672550000001823084212221342_s1_p0.2.subreads.fastq.gz
Approx 5% complete for m131024_200535_42174_c100563672550000001823084212221342_s1_p0.2.subreads.fastq.gz
Approx 10% complete for m131024_200535_42174_c100563672550000001823084212221342_s1_p0.2.subreads.fastq.gz
Approx 15% complete for m131024_200535_42174_c100563672550000001823084212221342_s1_p0.2.subreads.fastq.gz
Approx 20% complete for m131024_200535_42174_c100563672550000001823084212221342_s1_p0.2.subreads.fastq.gz
Approx 25% complete for m131024_200535_42174_c100563672550000001823084212221342_s1_p0.2.subreads.fastq.gz
Approx 30% complete for m131024_200535_42174_c100563672550000001823084212221342_s1_p0.2.subreads.fastq.gz
Approx 35% complete for m131024_200535_42174_c100563672550000001823084212221342_s1_p0.2.subreads.fastq.gz
Approx 40% complete for m131024_200535_42174_c100563672550000001823084212221342_s1_p0.2.subreads.fastq.gz
Approx 45% complete for m131024_200535_42174_c100563672550000001823084212221342_s1_p0.2.subreads.fastq.gz
Approx 50% complete for m131024_200535_42174_c100563672550000001823084212221342_s1_p0.2.subreads.fastq.gz
Approx 55% complete for m131024_200535_42174_c100563672550000001823084212221342_s1_p0.2.subreads.fastq.gz
Approx 60% complete for m131024_200535_42174_c100563672550000001823084212221342_s1_p0.2.subreads.fastq.gz
Approx 65% complete for m131024_200535_42174_c100563672550000001823084212221342_s1_p0.2.subreads.fastq.gz
Approx 70% complete for m131024_200535_42174_c100563672550000001823084212221342_s1_p0.2.subreads.fastq.gz
Approx 75% complete for m131024_200535_42174_c100563672550000001823084212221342_s1_p0.2.subreads.fastq.gz
Approx 80% complete for m131024_200535_42174_c100563672550000001823084212221342_s1_p0.2.subreads.fastq.gz
Approx 85% complete for m131024_200535_42174_c100563672550000001823084212221342_s1_p0.2.subreads.fastq.gz
Approx 90% complete for m131024_200535_42174_c100563672550000001823084212221342_s1_p0.2.subreads.fastq.gz
Approx 95% complete for m131024_200535_42174_c100563672550000001823084212221342_s1_p0.2.subreads.fastq.gz
Analysis complete for m131024_200535_42174_c100563672550000001823084212221342_s1_p0.2.subreads.fastq.gz
Started analysis of m131024_200535_42174_c100563672550000001823084212221342_s1_p0.3.subreads.fastq.gz
Approx 5% complete for m131024_200535_42174_c100563672550000001823084212221342_s1_p0.3.subreads.fastq.gz
Approx 10% complete for m131024_200535_42174_c100563672550000001823084212221342_s1_p0.3.subreads.fastq.gz
Approx 15% complete for m131024_200535_42174_c100563672550000001823084212221342_s1_p0.3.subreads.fastq.gz
Approx 20% complete for m131024_200535_42174_c100563672550000001823084212221342_s1_p0.3.subreads.fastq.gz
Approx 25% complete for m131024_200535_42174_c100563672550000001823084212221342_s1_p0.3.subreads.fastq.gz
Approx 30% complete for m131024_200535_42174_c100563672550000001823084212221342_s1_p0.3.subreads.fastq.gz
Approx 35% complete for m131024_200535_42174_c100563672550000001823084212221342_s1_p0.3.subreads.fastq.gz
Approx 40% complete for m131024_200535_42174_c100563672550000001823084212221342_s1_p0.3.subreads.fastq.gz
Approx 45% complete for m131024_200535_42174_c100563672550000001823084212221342_s1_p0.3.subreads.fastq.gz
Approx 50% complete for m131024_200535_42174_c100563672550000001823084212221342_s1_p0.3.subreads.fastq.gz
Approx 55% complete for m131024_200535_42174_c100563672550000001823084212221342_s1_p0.3.subreads.fastq.gz
Approx 60% complete for m131024_200535_42174_c100563672550000001823084212221342_s1_p0.3.subreads.fastq.gz
Approx 65% complete for m131024_200535_42174_c100563672550000001823084212221342_s1_p0.3.subreads.fastq.gz
Approx 70% complete for m131024_200535_42174_c100563672550000001823084212221342_s1_p0.3.subreads.fastq.gz
Approx 75% complete for m131024_200535_42174_c100563672550000001823084212221342_s1_p0.3.subreads.fastq.gz
Approx 80% complete for m131024_200535_42174_c100563672550000001823084212221342_s1_p0.3.subreads.fastq.gz
Approx 85% complete for m131024_200535_42174_c100563672550000001823084212221342_s1_p0.3.subreads.fastq.gz
Approx 90% complete for m131024_200535_42174_c100563672550000001823084212221342_s1_p0.3.subreads.fastq.gz
Approx 95% complete for m131024_200535_42174_c100563672550000001823084212221342_s1_p0.3.subreads.fastq.gz
Analysis complete for m131024_200535_42174_c100563672550000001823084212221342_s1_p0.3.subreads.fastq.gz
Started analysis of m131023_233432_42174_c100519312550000001823081209281335_s1_X0.1.subreads.fastq.gz
Approx 5% complete for m131023_233432_42174_c100519312550000001823081209281335_s1_X0.1.subreads.fastq.gz
Approx 15% complete for m131023_233432_42174_c100519312550000001823081209281335_s1_X0.1.subreads.fastq.gz
Approx 20% complete for m131023_233432_42174_c100519312550000001823081209281335_s1_X0.1.subreads.fastq.gz
Approx 30% complete for m131023_233432_42174_c100519312550000001823081209281335_s1_X0.1.subreads.fastq.gz
Approx 40% complete for m131023_233432_42174_c100519312550000001823081209281335_s1_X0.1.subreads.fastq.gz
Approx 45% complete for m131023_233432_42174_c100519312550000001823081209281335_s1_X0.1.subreads.fastq.gz
Approx 55% complete for m131023_233432_42174_c100519312550000001823081209281335_s1_X0.1.subreads.fastq.gz
Approx 60% complete for m131023_233432_42174_c100519312550000001823081209281335_s1_X0.1.subreads.fastq.gz
Approx 70% complete for m131023_233432_42174_c100519312550000001823081209281335_s1_X0.1.subreads.fastq.gz
Approx 80% complete for m131023_233432_42174_c100519312550000001823081209281335_s1_X0.1.subreads.fastq.gz
Approx 85% complete for m131023_233432_42174_c100519312550000001823081209281335_s1_X0.1.subreads.fastq.gz
Approx 95% complete for m131023_233432_42174_c100519312550000001823081209281335_s1_X0.1.subreads.fastq.gz
Analysis complete for m131023_233432_42174_c100519312550000001823081209281335_s1_X0.1.subreads.fastq.gz
Started analysis of m131023_233432_42174_c100519312550000001823081209281335_s1_X0.2.subreads.fastq.gz
Approx 5% complete for m131023_233432_42174_c100519312550000001823081209281335_s1_X0.2.subreads.fastq.gz
Approx 10% complete for m131023_233432_42174_c100519312550000001823081209281335_s1_X0.2.subreads.fastq.gz
Approx 20% complete for m131023_233432_42174_c100519312550000001823081209281335_s1_X0.2.subreads.fastq.gz
Approx 25% complete for m131023_233432_42174_c100519312550000001823081209281335_s1_X0.2.subreads.fastq.gz
Approx 30% complete for m131023_233432_42174_c100519312550000001823081209281335_s1_X0.2.subreads.fastq.gz
Approx 40% complete for m131023_233432_42174_c100519312550000001823081209281335_s1_X0.2.subreads.fastq.gz
Approx 45% complete for m131023_233432_42174_c100519312550000001823081209281335_s1_X0.2.subreads.fastq.gz
Approx 50% complete for m131023_233432_42174_c100519312550000001823081209281335_s1_X0.2.subreads.fastq.gz
Approx 60% complete for m131023_233432_42174_c100519312550000001823081209281335_s1_X0.2.subreads.fastq.gz
Approx 65% complete for m131023_233432_42174_c100519312550000001823081209281335_s1_X0.2.subreads.fastq.gz
Approx 70% complete for m131023_233432_42174_c100519312550000001823081209281335_s1_X0.2.subreads.fastq.gz
Approx 80% complete for m131023_233432_42174_c100519312550000001823081209281335_s1_X0.2.subreads.fastq.gz
Approx 85% complete for m131023_233432_42174_c100519312550000001823081209281335_s1_X0.2.subreads.fastq.gz
Approx 90% complete for m131023_233432_42174_c100519312550000001823081209281335_s1_X0.2.subreads.fastq.gz
Analysis complete for m131023_233432_42174_c100519312550000001823081209281335_s1_X0.2.subreads.fastq.gz
Started analysis of m131023_233432_42174_c100519312550000001823081209281335_s1_X0.3.subreads.fastq.gz
Approx 5% complete for m131023_233432_42174_c100519312550000001823081209281335_s1_X0.3.subreads.fastq.gz
Approx 10% complete for m131023_233432_42174_c100519312550000001823081209281335_s1_X0.3.subreads.fastq.gz
Approx 15% complete for m131023_233432_42174_c100519312550000001823081209281335_s1_X0.3.subreads.fastq.gz
Approx 25% complete for m131023_233432_42174_c100519312550000001823081209281335_s1_X0.3.subreads.fastq.gz
Approx 30% complete for m131023_233432_42174_c100519312550000001823081209281335_s1_X0.3.subreads.fastq.gz
Approx 35% complete for m131023_233432_42174_c100519312550000001823081209281335_s1_X0.3.subreads.fastq.gz
Approx 45% complete for m131023_233432_42174_c100519312550000001823081209281335_s1_X0.3.subreads.fastq.gz
Approx 50% complete for m131023_233432_42174_c100519312550000001823081209281335_s1_X0.3.subreads.fastq.gz
Approx 55% complete for m131023_233432_42174_c100519312550000001823081209281335_s1_X0.3.subreads.fastq.gz
Approx 65% complete for m131023_233432_42174_c100519312550000001823081209281335_s1_X0.3.subreads.fastq.gz
Approx 70% complete for m131023_233432_42174_c100519312550000001823081209281335_s1_X0.3.subreads.fastq.gz
Approx 75% complete for m131023_233432_42174_c100519312550000001823081209281335_s1_X0.3.subreads.fastq.gz
Approx 80% complete for m131023_233432_42174_c100519312550000001823081209281335_s1_X0.3.subreads.fastq.gz
Approx 90% complete for m131023_233432_42174_c100519312550000001823081209281335_s1_X0.3.subreads.fastq.gz
Approx 95% complete for m131023_233432_42174_c100519312550000001823081209281335_s1_X0.3.subreads.fastq.gz
Analysis complete for m131023_233432_42174_c100519312550000001823081209281335_s1_X0.3.subreads.fastq.gz
Started analysis of m131024_200535_42174_c100563672550000001823084212221342_s1_p0.1.subreads.fastq.gz
Approx 5% complete for m131024_200535_42174_c100563672550000001823084212221342_s1_p0.1.subreads.fastq.gz
Approx 10% complete for m131024_200535_42174_c100563672550000001823084212221342_s1_p0.1.subreads.fastq.gz
Approx 15% complete for m131024_200535_42174_c100563672550000001823084212221342_s1_p0.1.subreads.fastq.gz
Approx 20% complete for m131024_200535_42174_c100563672550000001823084212221342_s1_p0.1.subreads.fastq.gz
Approx 25% complete for m131024_200535_42174_c100563672550000001823084212221342_s1_p0.1.subreads.fastq.gz
Approx 30% complete for m131024_200535_42174_c100563672550000001823084212221342_s1_p0.1.subreads.fastq.gz
Approx 35% complete for m131024_200535_42174_c100563672550000001823084212221342_s1_p0.1.subreads.fastq.gz
Approx 40% complete for m131024_200535_42174_c100563672550000001823084212221342_s1_p0.1.subreads.fastq.gz
Approx 45% complete for m131024_200535_42174_c100563672550000001823084212221342_s1_p0.1.subreads.fastq.gz
Approx 50% complete for m131024_200535_42174_c100563672550000001823084212221342_s1_p0.1.subreads.fastq.gz
Approx 55% complete for m131024_200535_42174_c100563672550000001823084212221342_s1_p0.1.subreads.fastq.gz
Approx 60% complete for m131024_200535_42174_c100563672550000001823084212221342_s1_p0.1.subreads.fastq.gz
Approx 65% complete for m131024_200535_42174_c100563672550000001823084212221342_s1_p0.1.subreads.fastq.gz
Approx 70% complete for m131024_200535_42174_c100563672550000001823084212221342_s1_p0.1.subreads.fastq.gz
Approx 75% complete for m131024_200535_42174_c100563672550000001823084212221342_s1_p0.1.subreads.fastq.gz
Approx 80% complete for m131024_200535_42174_c100563672550000001823084212221342_s1_p0.1.subreads.fastq.gz
Approx 85% complete for m131024_200535_42174_c100563672550000001823084212221342_s1_p0.1.subreads.fastq.gz
Approx 90% complete for m131024_200535_42174_c100563672550000001823084212221342_s1_p0.1.subreads.fastq.gz
Approx 95% complete for m131024_200535_42174_c100563672550000001823084212221342_s1_p0.1.subreads.fastq.gz
Analysis complete for m131024_200535_42174_c100563672550000001823084212221342_s1_p0.1.subreads.fastq.gz
Started analysis of m131024_200535_42174_c100563672550000001823084212221342_s1_p0.2.subreads.fastq.gz
Approx 5% complete for m131024_200535_42174_c100563672550000001823084212221342_s1_p0.2.subreads.fastq.gz
Approx 10% complete for m131024_200535_42174_c100563672550000001823084212221342_s1_p0.2.subreads.fastq.gz
Approx 15% complete for m131024_200535_42174_c100563672550000001823084212221342_s1_p0.2.subreads.fastq.gz
Approx 20% complete for m131024_200535_42174_c100563672550000001823084212221342_s1_p0.2.subreads.fastq.gz
Approx 25% complete for m131024_200535_42174_c100563672550000001823084212221342_s1_p0.2.subreads.fastq.gz
Approx 30% complete for m131024_200535_42174_c100563672550000001823084212221342_s1_p0.2.subreads.fastq.gz
Approx 35% complete for m131024_200535_42174_c100563672550000001823084212221342_s1_p0.2.subreads.fastq.gz
Approx 40% complete for m131024_200535_42174_c100563672550000001823084212221342_s1_p0.2.subreads.fastq.gz
Approx 45% complete for m131024_200535_42174_c100563672550000001823084212221342_s1_p0.2.subreads.fastq.gz
Approx 50% complete for m131024_200535_42174_c100563672550000001823084212221342_s1_p0.2.subreads.fastq.gz
Approx 55% complete for m131024_200535_42174_c100563672550000001823084212221342_s1_p0.2.subreads.fastq.gz
Approx 60% complete for m131024_200535_42174_c100563672550000001823084212221342_s1_p0.2.subreads.fastq.gz
Approx 65% complete for m131024_200535_42174_c100563672550000001823084212221342_s1_p0.2.subreads.fastq.gz
Approx 70% complete for m131024_200535_42174_c100563672550000001823084212221342_s1_p0.2.subreads.fastq.gz
Approx 75% complete for m131024_200535_42174_c100563672550000001823084212221342_s1_p0.2.subreads.fastq.gz
Approx 80% complete for m131024_200535_42174_c100563672550000001823084212221342_s1_p0.2.subreads.fastq.gz
Approx 85% complete for m131024_200535_42174_c100563672550000001823084212221342_s1_p0.2.subreads.fastq.gz
Approx 90% complete for m131024_200535_42174_c100563672550000001823084212221342_s1_p0.2.subreads.fastq.gz
Approx 95% complete for m131024_200535_42174_c100563672550000001823084212221342_s1_p0.2.subreads.fastq.gz
Analysis complete for m131024_200535_42174_c100563672550000001823084212221342_s1_p0.2.subreads.fastq.gz
Started analysis of m131024_200535_42174_c100563672550000001823084212221342_s1_p0.3.subreads.fastq.gz
Approx 5% complete for m131024_200535_42174_c100563672550000001823084212221342_s1_p0.3.subreads.fastq.gz
Approx 10% complete for m131024_200535_42174_c100563672550000001823084212221342_s1_p0.3.subreads.fastq.gz
Approx 15% complete for m131024_200535_42174_c100563672550000001823084212221342_s1_p0.3.subreads.fastq.gz
Approx 20% complete for m131024_200535_42174_c100563672550000001823084212221342_s1_p0.3.subreads.fastq.gz
Approx 25% complete for m131024_200535_42174_c100563672550000001823084212221342_s1_p0.3.subreads.fastq.gz
Approx 30% complete for m131024_200535_42174_c100563672550000001823084212221342_s1_p0.3.subreads.fastq.gz
Approx 35% complete for m131024_200535_42174_c100563672550000001823084212221342_s1_p0.3.subreads.fastq.gz
Approx 40% complete for m131024_200535_42174_c100563672550000001823084212221342_s1_p0.3.subreads.fastq.gz
Approx 45% complete for m131024_200535_42174_c100563672550000001823084212221342_s1_p0.3.subreads.fastq.gz
Approx 50% complete for m131024_200535_42174_c100563672550000001823084212221342_s1_p0.3.subreads.fastq.gz
Approx 55% complete for m131024_200535_42174_c100563672550000001823084212221342_s1_p0.3.subreads.fastq.gz
Approx 60% complete for m131024_200535_42174_c100563672550000001823084212221342_s1_p0.3.subreads.fastq.gz
Approx 65% complete for m131024_200535_42174_c100563672550000001823084212221342_s1_p0.3.subreads.fastq.gz
Approx 70% complete for m131024_200535_42174_c100563672550000001823084212221342_s1_p0.3.subreads.fastq.gz
Approx 75% complete for m131024_200535_42174_c100563672550000001823084212221342_s1_p0.3.subreads.fastq.gz
Approx 80% complete for m131024_200535_42174_c100563672550000001823084212221342_s1_p0.3.subreads.fastq.gz
Approx 85% complete for m131024_200535_42174_c100563672550000001823084212221342_s1_p0.3.subreads.fastq.gz
Approx 90% complete for m131024_200535_42174_c100563672550000001823084212221342_s1_p0.3.subreads.fastq.gz
Approx 95% complete for m131024_200535_42174_c100563672550000001823084212221342_s1_p0.3.subreads.fastq.gz
Analysis complete for m131024_200535_42174_c100563672550000001823084212221342_s1_p0.3.subreads.fastq.gz
Started analysis of m131023_233432_42174_c100519312550000001823081209281335_s1_X0.1.subreads.fastq.gz
Approx 5% complete for m131023_233432_42174_c100519312550000001823081209281335_s1_X0.1.subreads.fastq.gz
Approx 15% complete for m131023_233432_42174_c100519312550000001823081209281335_s1_X0.1.subreads.fastq.gz
Approx 20% complete for m131023_233432_42174_c100519312550000001823081209281335_s1_X0.1.subreads.fastq.gz
Approx 30% complete for m131023_233432_42174_c100519312550000001823081209281335_s1_X0.1.subreads.fastq.gz
Approx 40% complete for m131023_233432_42174_c100519312550000001823081209281335_s1_X0.1.subreads.fastq.gz
Approx 45% complete for m131023_233432_42174_c100519312550000001823081209281335_s1_X0.1.subreads.fastq.gz
Approx 55% complete for m131023_233432_42174_c100519312550000001823081209281335_s1_X0.1.subreads.fastq.gz
Approx 60% complete for m131023_233432_42174_c100519312550000001823081209281335_s1_X0.1.subreads.fastq.gz
Approx 70% complete for m131023_233432_42174_c100519312550000001823081209281335_s1_X0.1.subreads.fastq.gz
Approx 80% complete for m131023_233432_42174_c100519312550000001823081209281335_s1_X0.1.subreads.fastq.gz
Approx 85% complete for m131023_233432_42174_c100519312550000001823081209281335_s1_X0.1.subreads.fastq.gz
Approx 95% complete for m131023_233432_42174_c100519312550000001823081209281335_s1_X0.1.subreads.fastq.gz
Analysis complete for m131023_233432_42174_c100519312550000001823081209281335_s1_X0.1.subreads.fastq.gz
Started analysis of m131023_233432_42174_c100519312550000001823081209281335_s1_X0.2.subreads.fastq.gz
Approx 5% complete for m131023_233432_42174_c100519312550000001823081209281335_s1_X0.2.subreads.fastq.gz
Approx 10% complete for m131023_233432_42174_c100519312550000001823081209281335_s1_X0.2.subreads.fastq.gz
Approx 20% complete for m131023_233432_42174_c100519312550000001823081209281335_s1_X0.2.subreads.fastq.gz
Approx 25% complete for m131023_233432_42174_c100519312550000001823081209281335_s1_X0.2.subreads.fastq.gz
Approx 30% complete for m131023_233432_42174_c100519312550000001823081209281335_s1_X0.2.subreads.fastq.gz
Approx 40% complete for m131023_233432_42174_c100519312550000001823081209281335_s1_X0.2.subreads.fastq.gz
Approx 45% complete for m131023_233432_42174_c100519312550000001823081209281335_s1_X0.2.subreads.fastq.gz
Approx 50% complete for m131023_233432_42174_c100519312550000001823081209281335_s1_X0.2.subreads.fastq.gz
Approx 60% complete for m131023_233432_42174_c100519312550000001823081209281335_s1_X0.2.subreads.fastq.gz
Approx 65% complete for m131023_233432_42174_c100519312550000001823081209281335_s1_X0.2.subreads.fastq.gz
Approx 70% complete for m131023_233432_42174_c100519312550000001823081209281335_s1_X0.2.subreads.fastq.gz
Approx 80% complete for m131023_233432_42174_c100519312550000001823081209281335_s1_X0.2.subreads.fastq.gz
Approx 85% complete for m131023_233432_42174_c100519312550000001823081209281335_s1_X0.2.subreads.fastq.gz
Approx 90% complete for m131023_233432_42174_c100519312550000001823081209281335_s1_X0.2.subreads.fastq.gz
Analysis complete for m131023_233432_42174_c100519312550000001823081209281335_s1_X0.2.subreads.fastq.gz
Started analysis of m131023_233432_42174_c100519312550000001823081209281335_s1_X0.3.subreads.fastq.gz
Approx 5% complete for m131023_233432_42174_c100519312550000001823081209281335_s1_X0.3.subreads.fastq.gz
Approx 10% complete for m131023_233432_42174_c100519312550000001823081209281335_s1_X0.3.subreads.fastq.gz
Approx 15% complete for m131023_233432_42174_c100519312550000001823081209281335_s1_X0.3.subreads.fastq.gz
Approx 25% complete for m131023_233432_42174_c100519312550000001823081209281335_s1_X0.3.subreads.fastq.gz
Approx 30% complete for m131023_233432_42174_c100519312550000001823081209281335_s1_X0.3.subreads.fastq.gz
Approx 35% complete for m131023_233432_42174_c100519312550000001823081209281335_s1_X0.3.subreads.fastq.gz
Approx 45% complete for m131023_233432_42174_c100519312550000001823081209281335_s1_X0.3.subreads.fastq.gz
Approx 50% complete for m131023_233432_42174_c100519312550000001823081209281335_s1_X0.3.subreads.fastq.gz
Approx 55% complete for m131023_233432_42174_c100519312550000001823081209281335_s1_X0.3.subreads.fastq.gz
Approx 65% complete for m131023_233432_42174_c100519312550000001823081209281335_s1_X0.3.subreads.fastq.gz
Approx 70% complete for m131023_233432_42174_c100519312550000001823081209281335_s1_X0.3.subreads.fastq.gz
Approx 75% complete for m131023_233432_42174_c100519312550000001823081209281335_s1_X0.3.subreads.fastq.gz
Approx 80% complete for m131023_233432_42174_c100519312550000001823081209281335_s1_X0.3.subreads.fastq.gz
Approx 90% complete for m131023_233432_42174_c100519312550000001823081209281335_s1_X0.3.subreads.fastq.gz
Approx 95% complete for m131023_233432_42174_c100519312550000001823081209281335_s1_X0.3.subreads.fastq.gz
Analysis complete for m131023_233432_42174_c100519312550000001823081209281335_s1_X0.3.subreads.fastq.gz
Started analysis of m131024_200535_42174_c100563672550000001823084212221342_s1_p0.1.subreads.fastq.gz
Approx 5% complete for m131024_200535_42174_c100563672550000001823084212221342_s1_p0.1.subreads.fastq.gz
Approx 10% complete for m131024_200535_42174_c100563672550000001823084212221342_s1_p0.1.subreads.fastq.gz
Approx 15% complete for m131024_200535_42174_c100563672550000001823084212221342_s1_p0.1.subreads.fastq.gz
Approx 20% complete for m131024_200535_42174_c100563672550000001823084212221342_s1_p0.1.subreads.fastq.gz
Approx 25% complete for m131024_200535_42174_c100563672550000001823084212221342_s1_p0.1.subreads.fastq.gz
Approx 30% complete for m131024_200535_42174_c100563672550000001823084212221342_s1_p0.1.subreads.fastq.gz
Approx 35% complete for m131024_200535_42174_c100563672550000001823084212221342_s1_p0.1.subreads.fastq.gz
Approx 40% complete for m131024_200535_42174_c100563672550000001823084212221342_s1_p0.1.subreads.fastq.gz
Approx 45% complete for m131024_200535_42174_c100563672550000001823084212221342_s1_p0.1.subreads.fastq.gz
Approx 50% complete for m131024_200535_42174_c100563672550000001823084212221342_s1_p0.1.subreads.fastq.gz
Approx 55% complete for m131024_200535_42174_c100563672550000001823084212221342_s1_p0.1.subreads.fastq.gz
Approx 60% complete for m131024_200535_42174_c100563672550000001823084212221342_s1_p0.1.subreads.fastq.gz
Approx 65% complete for m131024_200535_42174_c100563672550000001823084212221342_s1_p0.1.subreads.fastq.gz
Approx 70% complete for m131024_200535_42174_c100563672550000001823084212221342_s1_p0.1.subreads.fastq.gz
Approx 75% complete for m131024_200535_42174_c100563672550000001823084212221342_s1_p0.1.subreads.fastq.gz
Approx 80% complete for m131024_200535_42174_c100563672550000001823084212221342_s1_p0.1.subreads.fastq.gz
Approx 85% complete for m131024_200535_42174_c100563672550000001823084212221342_s1_p0.1.subreads.fastq.gz
Approx 90% complete for m131024_200535_42174_c100563672550000001823084212221342_s1_p0.1.subreads.fastq.gz
Approx 95% complete for m131024_200535_42174_c100563672550000001823084212221342_s1_p0.1.subreads.fastq.gz
Analysis complete for m131024_200535_42174_c100563672550000001823084212221342_s1_p0.1.subreads.fastq.gz
Started analysis of m131024_200535_42174_c100563672550000001823084212221342_s1_p0.2.subreads.fastq.gz
Approx 5% complete for m131024_200535_42174_c100563672550000001823084212221342_s1_p0.2.subreads.fastq.gz
Approx 10% complete for m131024_200535_42174_c100563672550000001823084212221342_s1_p0.2.subreads.fastq.gz
Approx 15% complete for m131024_200535_42174_c100563672550000001823084212221342_s1_p0.2.subreads.fastq.gz
Approx 20% complete for m131024_200535_42174_c100563672550000001823084212221342_s1_p0.2.subreads.fastq.gz
Approx 25% complete for m131024_200535_42174_c100563672550000001823084212221342_s1_p0.2.subreads.fastq.gz
Approx 30% complete for m131024_200535_42174_c100563672550000001823084212221342_s1_p0.2.subreads.fastq.gz
Approx 35% complete for m131024_200535_42174_c100563672550000001823084212221342_s1_p0.2.subreads.fastq.gz
Approx 40% complete for m131024_200535_42174_c100563672550000001823084212221342_s1_p0.2.subreads.fastq.gz
Approx 45% complete for m131024_200535_42174_c100563672550000001823084212221342_s1_p0.2.subreads.fastq.gz
Approx 50% complete for m131024_200535_42174_c100563672550000001823084212221342_s1_p0.2.subreads.fastq.gz
Approx 55% complete for m131024_200535_42174_c100563672550000001823084212221342_s1_p0.2.subreads.fastq.gz
Approx 60% complete for m131024_200535_42174_c100563672550000001823084212221342_s1_p0.2.subreads.fastq.gz
Approx 65% complete for m131024_200535_42174_c100563672550000001823084212221342_s1_p0.2.subreads.fastq.gz
Approx 70% complete for m131024_200535_42174_c100563672550000001823084212221342_s1_p0.2.subreads.fastq.gz
Approx 75% complete for m131024_200535_42174_c100563672550000001823084212221342_s1_p0.2.subreads.fastq.gz
Approx 80% complete for m131024_200535_42174_c100563672550000001823084212221342_s1_p0.2.subreads.fastq.gz
Approx 85% complete for m131024_200535_42174_c100563672550000001823084212221342_s1_p0.2.subreads.fastq.gz
Approx 90% complete for m131024_200535_42174_c100563672550000001823084212221342_s1_p0.2.subreads.fastq.gz
Approx 95% complete for m131024_200535_42174_c100563672550000001823084212221342_s1_p0.2.subreads.fastq.gz
Analysis complete for m131024_200535_42174_c100563672550000001823084212221342_s1_p0.2.subreads.fastq.gz
Started analysis of m131024_200535_42174_c100563672550000001823084212221342_s1_p0.3.subreads.fastq.gz
Approx 5% complete for m131024_200535_42174_c100563672550000001823084212221342_s1_p0.3.subreads.fastq.gz
Approx 10% complete for m131024_200535_42174_c100563672550000001823084212221342_s1_p0.3.subreads.fastq.gz
Approx 15% complete for m131024_200535_42174_c100563672550000001823084212221342_s1_p0.3.subreads.fastq.gz
Approx 20% complete for m131024_200535_42174_c100563672550000001823084212221342_s1_p0.3.subreads.fastq.gz
Approx 25% complete for m131024_200535_42174_c100563672550000001823084212221342_s1_p0.3.subreads.fastq.gz
Approx 30% complete for m131024_200535_42174_c100563672550000001823084212221342_s1_p0.3.subreads.fastq.gz
Approx 35% complete for m131024_200535_42174_c100563672550000001823084212221342_s1_p0.3.subreads.fastq.gz
Approx 40% complete for m131024_200535_42174_c100563672550000001823084212221342_s1_p0.3.subreads.fastq.gz
Approx 45% complete for m131024_200535_42174_c100563672550000001823084212221342_s1_p0.3.subreads.fastq.gz
Approx 50% complete for m131024_200535_42174_c100563672550000001823084212221342_s1_p0.3.subreads.fastq.gz
Approx 55% complete for m131024_200535_42174_c100563672550000001823084212221342_s1_p0.3.subreads.fastq.gz
Approx 60% complete for m131024_200535_42174_c100563672550000001823084212221342_s1_p0.3.subreads.fastq.gz
Approx 65% complete for m131024_200535_42174_c100563672550000001823084212221342_s1_p0.3.subreads.fastq.gz
Approx 70% complete for m131024_200535_42174_c100563672550000001823084212221342_s1_p0.3.subreads.fastq.gz
Approx 75% complete for m131024_200535_42174_c100563672550000001823084212221342_s1_p0.3.subreads.fastq.gz
Approx 80% complete for m131024_200535_42174_c100563672550000001823084212221342_s1_p0.3.subreads.fastq.gz
Approx 85% complete for m131024_200535_42174_c100563672550000001823084212221342_s1_p0.3.subreads.fastq.gz
Approx 90% complete for m131024_200535_42174_c100563672550000001823084212221342_s1_p0.3.subreads.fastq.gz
Approx 95% complete for m131024_200535_42174_c100563672550000001823084212221342_s1_p0.3.subreads.fastq.gz
Analysis complete for m131024_200535_42174_c100563672550000001823084212221342_s1_p0.3.subreads.fastq.gz
Started analysis of m131023_233432_42174_c100519312550000001823081209281335_s1_X0.1.subreads.fastq.gz
Approx 5% complete for m131023_233432_42174_c100519312550000001823081209281335_s1_X0.1.subreads.fastq.gz
Approx 15% complete for m131023_233432_42174_c100519312550000001823081209281335_s1_X0.1.subreads.fastq.gz
Approx 20% complete for m131023_233432_42174_c100519312550000001823081209281335_s1_X0.1.subreads.fastq.gz
Approx 30% complete for m131023_233432_42174_c100519312550000001823081209281335_s1_X0.1.subreads.fastq.gz
Approx 40% complete for m131023_233432_42174_c100519312550000001823081209281335_s1_X0.1.subreads.fastq.gz
Approx 45% complete for m131023_233432_42174_c100519312550000001823081209281335_s1_X0.1.subreads.fastq.gz
Approx 55% complete for m131023_233432_42174_c100519312550000001823081209281335_s1_X0.1.subreads.fastq.gz
Approx 60% complete for m131023_233432_42174_c100519312550000001823081209281335_s1_X0.1.subreads.fastq.gz
Approx 70% complete for m131023_233432_42174_c100519312550000001823081209281335_s1_X0.1.subreads.fastq.gz
Approx 80% complete for m131023_233432_42174_c100519312550000001823081209281335_s1_X0.1.subreads.fastq.gz
Approx 85% complete for m131023_233432_42174_c100519312550000001823081209281335_s1_X0.1.subreads.fastq.gz
Approx 95% complete for m131023_233432_42174_c100519312550000001823081209281335_s1_X0.1.subreads.fastq.gz
Analysis complete for m131023_233432_42174_c100519312550000001823081209281335_s1_X0.1.subreads.fastq.gz
Started analysis of m131023_233432_42174_c100519312550000001823081209281335_s1_X0.2.subreads.fastq.gz
Approx 5% complete for m131023_233432_42174_c100519312550000001823081209281335_s1_X0.2.subreads.fastq.gz
Approx 10% complete for m131023_233432_42174_c100519312550000001823081209281335_s1_X0.2.subreads.fastq.gz
Approx 20% complete for m131023_233432_42174_c100519312550000001823081209281335_s1_X0.2.subreads.fastq.gz
Approx 25% complete for m131023_233432_42174_c100519312550000001823081209281335_s1_X0.2.subreads.fastq.gz
Approx 30% complete for m131023_233432_42174_c100519312550000001823081209281335_s1_X0.2.subreads.fastq.gz
Approx 40% complete for m131023_233432_42174_c100519312550000001823081209281335_s1_X0.2.subreads.fastq.gz
Approx 45% complete for m131023_233432_42174_c100519312550000001823081209281335_s1_X0.2.subreads.fastq.gz
Approx 50% complete for m131023_233432_42174_c100519312550000001823081209281335_s1_X0.2.subreads.fastq.gz
Approx 60% complete for m131023_233432_42174_c100519312550000001823081209281335_s1_X0.2.subreads.fastq.gz
Approx 65% complete for m131023_233432_42174_c100519312550000001823081209281335_s1_X0.2.subreads.fastq.gz
Approx 70% complete for m131023_233432_42174_c100519312550000001823081209281335_s1_X0.2.subreads.fastq.gz
Approx 80% complete for m131023_233432_42174_c100519312550000001823081209281335_s1_X0.2.subreads.fastq.gz
Approx 85% complete for m131023_233432_42174_c100519312550000001823081209281335_s1_X0.2.subreads.fastq.gz
Approx 90% complete for m131023_233432_42174_c100519312550000001823081209281335_s1_X0.2.subreads.fastq.gz
Analysis complete for m131023_233432_42174_c100519312550000001823081209281335_s1_X0.2.subreads.fastq.gz
Started analysis of m131023_233432_42174_c100519312550000001823081209281335_s1_X0.3.subreads.fastq.gz
Approx 5% complete for m131023_233432_42174_c100519312550000001823081209281335_s1_X0.3.subreads.fastq.gz
Approx 10% complete for m131023_233432_42174_c100519312550000001823081209281335_s1_X0.3.subreads.fastq.gz
Approx 15% complete for m131023_233432_42174_c100519312550000001823081209281335_s1_X0.3.subreads.fastq.gz
Approx 25% complete for m131023_233432_42174_c100519312550000001823081209281335_s1_X0.3.subreads.fastq.gz
Approx 30% complete for m131023_233432_42174_c100519312550000001823081209281335_s1_X0.3.subreads.fastq.gz
Approx 35% complete for m131023_233432_42174_c100519312550000001823081209281335_s1_X0.3.subreads.fastq.gz
Approx 45% complete for m131023_233432_42174_c100519312550000001823081209281335_s1_X0.3.subreads.fastq.gz
Approx 50% complete for m131023_233432_42174_c100519312550000001823081209281335_s1_X0.3.subreads.fastq.gz
Approx 55% complete for m131023_233432_42174_c100519312550000001823081209281335_s1_X0.3.subreads.fastq.gz
Approx 65% complete for m131023_233432_42174_c100519312550000001823081209281335_s1_X0.3.subreads.fastq.gz
Approx 70% complete for m131023_233432_42174_c100519312550000001823081209281335_s1_X0.3.subreads.fastq.gz
Approx 75% complete for m131023_233432_42174_c100519312550000001823081209281335_s1_X0.3.subreads.fastq.gz
Approx 80% complete for m131023_233432_42174_c100519312550000001823081209281335_s1_X0.3.subreads.fastq.gz
Approx 90% complete for m131023_233432_42174_c100519312550000001823081209281335_s1_X0.3.subreads.fastq.gz
Approx 95% complete for m131023_233432_42174_c100519312550000001823081209281335_s1_X0.3.subreads.fastq.gz
Analysis complete for m131023_233432_42174_c100519312550000001823081209281335_s1_X0.3.subreads.fastq.gz
Started analysis of m131024_200535_42174_c100563672550000001823084212221342_s1_p0.1.subreads.fastq.gz
Approx 5% complete for m131024_200535_42174_c100563672550000001823084212221342_s1_p0.1.subreads.fastq.gz
Approx 10% complete for m131024_200535_42174_c100563672550000001823084212221342_s1_p0.1.subreads.fastq.gz
Approx 15% complete for m131024_200535_42174_c100563672550000001823084212221342_s1_p0.1.subreads.fastq.gz
Approx 20% complete for m131024_200535_42174_c100563672550000001823084212221342_s1_p0.1.subreads.fastq.gz
Approx 25% complete for m131024_200535_42174_c100563672550000001823084212221342_s1_p0.1.subreads.fastq.gz
Approx 30% complete for m131024_200535_42174_c100563672550000001823084212221342_s1_p0.1.subreads.fastq.gz
Approx 35% complete for m131024_200535_42174_c100563672550000001823084212221342_s1_p0.1.subreads.fastq.gz
Approx 40% complete for m131024_200535_42174_c100563672550000001823084212221342_s1_p0.1.subreads.fastq.gz
Approx 45% complete for m131024_200535_42174_c100563672550000001823084212221342_s1_p0.1.subreads.fastq.gz
Approx 50% complete for m131024_200535_42174_c100563672550000001823084212221342_s1_p0.1.subreads.fastq.gz
Approx 55% complete for m131024_200535_42174_c100563672550000001823084212221342_s1_p0.1.subreads.fastq.gz
Approx 60% complete for m131024_200535_42174_c100563672550000001823084212221342_s1_p0.1.subreads.fastq.gz
Approx 65% complete for m131024_200535_42174_c100563672550000001823084212221342_s1_p0.1.subreads.fastq.gz
Approx 70% complete for m131024_200535_42174_c100563672550000001823084212221342_s1_p0.1.subreads.fastq.gz
Approx 75% complete for m131024_200535_42174_c100563672550000001823084212221342_s1_p0.1.subreads.fastq.gz
Approx 80% complete for m131024_200535_42174_c100563672550000001823084212221342_s1_p0.1.subreads.fastq.gz
Approx 85% complete for m131024_200535_42174_c100563672550000001823084212221342_s1_p0.1.subreads.fastq.gz
Approx 90% complete for m131024_200535_42174_c100563672550000001823084212221342_s1_p0.1.subreads.fastq.gz
Approx 95% complete for m131024_200535_42174_c100563672550000001823084212221342_s1_p0.1.subreads.fastq.gz
Analysis complete for m131024_200535_42174_c100563672550000001823084212221342_s1_p0.1.subreads.fastq.gz
Started analysis of m131024_200535_42174_c100563672550000001823084212221342_s1_p0.2.subreads.fastq.gz
Approx 5% complete for m131024_200535_42174_c100563672550000001823084212221342_s1_p0.2.subreads.fastq.gz
Approx 10% complete for m131024_200535_42174_c100563672550000001823084212221342_s1_p0.2.subreads.fastq.gz
Approx 15% complete for m131024_200535_42174_c100563672550000001823084212221342_s1_p0.2.subreads.fastq.gz
Approx 20% complete for m131024_200535_42174_c100563672550000001823084212221342_s1_p0.2.subreads.fastq.gz
Approx 25% complete for m131024_200535_42174_c100563672550000001823084212221342_s1_p0.2.subreads.fastq.gz
Approx 30% complete for m131024_200535_42174_c100563672550000001823084212221342_s1_p0.2.subreads.fastq.gz
Approx 35% complete for m131024_200535_42174_c100563672550000001823084212221342_s1_p0.2.subreads.fastq.gz
Approx 40% complete for m131024_200535_42174_c100563672550000001823084212221342_s1_p0.2.subreads.fastq.gz
Approx 45% complete for m131024_200535_42174_c100563672550000001823084212221342_s1_p0.2.subreads.fastq.gz
Approx 50% complete for m131024_200535_42174_c100563672550000001823084212221342_s1_p0.2.subreads.fastq.gz
Approx 55% complete for m131024_200535_42174_c100563672550000001823084212221342_s1_p0.2.subreads.fastq.gz
Approx 60% complete for m131024_200535_42174_c100563672550000001823084212221342_s1_p0.2.subreads.fastq.gz
Approx 65% complete for m131024_200535_42174_c100563672550000001823084212221342_s1_p0.2.subreads.fastq.gz
Approx 70% complete for m131024_200535_42174_c100563672550000001823084212221342_s1_p0.2.subreads.fastq.gz
Approx 75% complete for m131024_200535_42174_c100563672550000001823084212221342_s1_p0.2.subreads.fastq.gz
Approx 80% complete for m131024_200535_42174_c100563672550000001823084212221342_s1_p0.2.subreads.fastq.gz
Approx 85% complete for m131024_200535_42174_c100563672550000001823084212221342_s1_p0.2.subreads.fastq.gz
Approx 90% complete for m131024_200535_42174_c100563672550000001823084212221342_s1_p0.2.subreads.fastq.gz
Approx 95% complete for m131024_200535_42174_c100563672550000001823084212221342_s1_p0.2.subreads.fastq.gz
Analysis complete for m131024_200535_42174_c100563672550000001823084212221342_s1_p0.2.subreads.fastq.gz
Started analysis of m131024_200535_42174_c100563672550000001823084212221342_s1_p0.3.subreads.fastq.gz
Approx 5% complete for m131024_200535_42174_c100563672550000001823084212221342_s1_p0.3.subreads.fastq.gz
Approx 10% complete for m131024_200535_42174_c100563672550000001823084212221342_s1_p0.3.subreads.fastq.gz
Approx 15% complete for m131024_200535_42174_c100563672550000001823084212221342_s1_p0.3.subreads.fastq.gz
Approx 20% complete for m131024_200535_42174_c100563672550000001823084212221342_s1_p0.3.subreads.fastq.gz
Approx 25% complete for m131024_200535_42174_c100563672550000001823084212221342_s1_p0.3.subreads.fastq.gz
Approx 30% complete for m131024_200535_42174_c100563672550000001823084212221342_s1_p0.3.subreads.fastq.gz
Approx 35% complete for m131024_200535_42174_c100563672550000001823084212221342_s1_p0.3.subreads.fastq.gz
Approx 40% complete for m131024_200535_42174_c100563672550000001823084212221342_s1_p0.3.subreads.fastq.gz
Approx 45% complete for m131024_200535_42174_c100563672550000001823084212221342_s1_p0.3.subreads.fastq.gz
Approx 50% complete for m131024_200535_42174_c100563672550000001823084212221342_s1_p0.3.subreads.fastq.gz
Approx 55% complete for m131024_200535_42174_c100563672550000001823084212221342_s1_p0.3.subreads.fastq.gz
Approx 60% complete for m131024_200535_42174_c100563672550000001823084212221342_s1_p0.3.subreads.fastq.gz
Approx 65% complete for m131024_200535_42174_c100563672550000001823084212221342_s1_p0.3.subreads.fastq.gz
Approx 70% complete for m131024_200535_42174_c100563672550000001823084212221342_s1_p0.3.subreads.fastq.gz
Approx 75% complete for m131024_200535_42174_c100563672550000001823084212221342_s1_p0.3.subreads.fastq.gz
Approx 80% complete for m131024_200535_42174_c100563672550000001823084212221342_s1_p0.3.subreads.fastq.gz
Approx 85% complete for m131024_200535_42174_c100563672550000001823084212221342_s1_p0.3.subreads.fastq.gz
Approx 90% complete for m131024_200535_42174_c100563672550000001823084212221342_s1_p0.3.subreads.fastq.gz
Approx 95% complete for m131024_200535_42174_c100563672550000001823084212221342_s1_p0.3.subreads.fastq.gz
Analysis complete for m131024_200535_42174_c100563672550000001823084212221342_s1_p0.3.subreads.fastq.gz
Started analysis of m131023_233432_42174_c100519312550000001823081209281335_s1_X0.1.subreads.fastq.gz
Approx 5% complete for m131023_233432_42174_c100519312550000001823081209281335_s1_X0.1.subreads.fastq.gz
Approx 15% complete for m131023_233432_42174_c100519312550000001823081209281335_s1_X0.1.subreads.fastq.gz
Approx 20% complete for m131023_233432_42174_c100519312550000001823081209281335_s1_X0.1.subreads.fastq.gz
Approx 30% complete for m131023_233432_42174_c100519312550000001823081209281335_s1_X0.1.subreads.fastq.gz
Approx 40% complete for m131023_233432_42174_c100519312550000001823081209281335_s1_X0.1.subreads.fastq.gz
Approx 45% complete for m131023_233432_42174_c100519312550000001823081209281335_s1_X0.1.subreads.fastq.gz
Approx 55% complete for m131023_233432_42174_c100519312550000001823081209281335_s1_X0.1.subreads.fastq.gz
Approx 60% complete for m131023_233432_42174_c100519312550000001823081209281335_s1_X0.1.subreads.fastq.gz
Approx 70% complete for m131023_233432_42174_c100519312550000001823081209281335_s1_X0.1.subreads.fastq.gz
Approx 80% complete for m131023_233432_42174_c100519312550000001823081209281335_s1_X0.1.subreads.fastq.gz
Approx 85% complete for m131023_233432_42174_c100519312550000001823081209281335_s1_X0.1.subreads.fastq.gz
Approx 95% complete for m131023_233432_42174_c100519312550000001823081209281335_s1_X0.1.subreads.fastq.gz
Analysis complete for m131023_233432_42174_c100519312550000001823081209281335_s1_X0.1.subreads.fastq.gz
Started analysis of m131023_233432_42174_c100519312550000001823081209281335_s1_X0.2.subreads.fastq.gz
Approx 5% complete for m131023_233432_42174_c100519312550000001823081209281335_s1_X0.2.subreads.fastq.gz
Approx 10% complete for m131023_233432_42174_c100519312550000001823081209281335_s1_X0.2.subreads.fastq.gz
Approx 20% complete for m131023_233432_42174_c100519312550000001823081209281335_s1_X0.2.subreads.fastq.gz
Approx 25% complete for m131023_233432_42174_c100519312550000001823081209281335_s1_X0.2.subreads.fastq.gz
Approx 30% complete for m131023_233432_42174_c100519312550000001823081209281335_s1_X0.2.subreads.fastq.gz
Approx 40% complete for m131023_233432_42174_c100519312550000001823081209281335_s1_X0.2.subreads.fastq.gz
Approx 45% complete for m131023_233432_42174_c100519312550000001823081209281335_s1_X0.2.subreads.fastq.gz
Approx 50% complete for m131023_233432_42174_c100519312550000001823081209281335_s1_X0.2.subreads.fastq.gz
Approx 60% complete for m131023_233432_42174_c100519312550000001823081209281335_s1_X0.2.subreads.fastq.gz
Approx 65% complete for m131023_233432_42174_c100519312550000001823081209281335_s1_X0.2.subreads.fastq.gz
Approx 70% complete for m131023_233432_42174_c100519312550000001823081209281335_s1_X0.2.subreads.fastq.gz
Approx 80% complete for m131023_233432_42174_c100519312550000001823081209281335_s1_X0.2.subreads.fastq.gz
Approx 85% complete for m131023_233432_42174_c100519312550000001823081209281335_s1_X0.2.subreads.fastq.gz
Approx 90% complete for m131023_233432_42174_c100519312550000001823081209281335_s1_X0.2.subreads.fastq.gz
Analysis complete for m131023_233432_42174_c100519312550000001823081209281335_s1_X0.2.subreads.fastq.gz
Started analysis of m131023_233432_42174_c100519312550000001823081209281335_s1_X0.3.subreads.fastq.gz
Approx 5% complete for m131023_233432_42174_c100519312550000001823081209281335_s1_X0.3.subreads.fastq.gz
Approx 10% complete for m131023_233432_42174_c100519312550000001823081209281335_s1_X0.3.subreads.fastq.gz
Approx 15% complete for m131023_233432_42174_c100519312550000001823081209281335_s1_X0.3.subreads.fastq.gz
Approx 25% complete for m131023_233432_42174_c100519312550000001823081209281335_s1_X0.3.subreads.fastq.gz
Approx 30% complete for m131023_233432_42174_c100519312550000001823081209281335_s1_X0.3.subreads.fastq.gz
Approx 35% complete for m131023_233432_42174_c100519312550000001823081209281335_s1_X0.3.subreads.fastq.gz
Approx 45% complete for m131023_233432_42174_c100519312550000001823081209281335_s1_X0.3.subreads.fastq.gz
Approx 50% complete for m131023_233432_42174_c100519312550000001823081209281335_s1_X0.3.subreads.fastq.gz
Approx 55% complete for m131023_233432_42174_c100519312550000001823081209281335_s1_X0.3.subreads.fastq.gz
Approx 65% complete for m131023_233432_42174_c100519312550000001823081209281335_s1_X0.3.subreads.fastq.gz
Approx 70% complete for m131023_233432_42174_c100519312550000001823081209281335_s1_X0.3.subreads.fastq.gz
Approx 75% complete for m131023_233432_42174_c100519312550000001823081209281335_s1_X0.3.subreads.fastq.gz
Approx 80% complete for m131023_233432_42174_c100519312550000001823081209281335_s1_X0.3.subreads.fastq.gz
Approx 90% complete for m131023_233432_42174_c100519312550000001823081209281335_s1_X0.3.subreads.fastq.gz
Approx 95% complete for m131023_233432_42174_c100519312550000001823081209281335_s1_X0.3.subreads.fastq.gz
Analysis complete for m131023_233432_42174_c100519312550000001823081209281335_s1_X0.3.subreads.fastq.gz
Started analysis of m131024_200535_42174_c100563672550000001823084212221342_s1_p0.1.subreads.fastq.gz
Approx 5% complete for m131024_200535_42174_c100563672550000001823084212221342_s1_p0.1.subreads.fastq.gz
Approx 10% complete for m131024_200535_42174_c100563672550000001823084212221342_s1_p0.1.subreads.fastq.gz
Approx 15% complete for m131024_200535_42174_c100563672550000001823084212221342_s1_p0.1.subreads.fastq.gz
Approx 20% complete for m131024_200535_42174_c100563672550000001823084212221342_s1_p0.1.subreads.fastq.gz
Approx 25% complete for m131024_200535_42174_c100563672550000001823084212221342_s1_p0.1.subreads.fastq.gz
Approx 30% complete for m131024_200535_42174_c100563672550000001823084212221342_s1_p0.1.subreads.fastq.gz
Approx 35% complete for m131024_200535_42174_c100563672550000001823084212221342_s1_p0.1.subreads.fastq.gz
Approx 40% complete for m131024_200535_42174_c100563672550000001823084212221342_s1_p0.1.subreads.fastq.gz
Approx 45% complete for m131024_200535_42174_c100563672550000001823084212221342_s1_p0.1.subreads.fastq.gz
Approx 50% complete for m131024_200535_42174_c100563672550000001823084212221342_s1_p0.1.subreads.fastq.gz
Approx 55% complete for m131024_200535_42174_c100563672550000001823084212221342_s1_p0.1.subreads.fastq.gz
Approx 60% complete for m131024_200535_42174_c100563672550000001823084212221342_s1_p0.1.subreads.fastq.gz
Approx 65% complete for m131024_200535_42174_c100563672550000001823084212221342_s1_p0.1.subreads.fastq.gz
Approx 70% complete for m131024_200535_42174_c100563672550000001823084212221342_s1_p0.1.subreads.fastq.gz
Approx 75% complete for m131024_200535_42174_c100563672550000001823084212221342_s1_p0.1.subreads.fastq.gz
Approx 80% complete for m131024_200535_42174_c100563672550000001823084212221342_s1_p0.1.subreads.fastq.gz
Approx 85% complete for m131024_200535_42174_c100563672550000001823084212221342_s1_p0.1.subreads.fastq.gz
Approx 90% complete for m131024_200535_42174_c100563672550000001823084212221342_s1_p0.1.subreads.fastq.gz
Approx 95% complete for m131024_200535_42174_c100563672550000001823084212221342_s1_p0.1.subreads.fastq.gz
Analysis complete for m131024_200535_42174_c100563672550000001823084212221342_s1_p0.1.subreads.fastq.gz
Started analysis of m131024_200535_42174_c100563672550000001823084212221342_s1_p0.2.subreads.fastq.gz
Approx 5% complete for m131024_200535_42174_c100563672550000001823084212221342_s1_p0.2.subreads.fastq.gz
Approx 10% complete for m131024_200535_42174_c100563672550000001823084212221342_s1_p0.2.subreads.fastq.gz
Approx 15% complete for m131024_200535_42174_c100563672550000001823084212221342_s1_p0.2.subreads.fastq.gz
Approx 20% complete for m131024_200535_42174_c100563672550000001823084212221342_s1_p0.2.subreads.fastq.gz
Approx 25% complete for m131024_200535_42174_c100563672550000001823084212221342_s1_p0.2.subreads.fastq.gz
Approx 30% complete for m131024_200535_42174_c100563672550000001823084212221342_s1_p0.2.subreads.fastq.gz
Approx 35% complete for m131024_200535_42174_c100563672550000001823084212221342_s1_p0.2.subreads.fastq.gz
Approx 40% complete for m131024_200535_42174_c100563672550000001823084212221342_s1_p0.2.subreads.fastq.gz
Approx 45% complete for m131024_200535_42174_c100563672550000001823084212221342_s1_p0.2.subreads.fastq.gz
Approx 50% complete for m131024_200535_42174_c100563672550000001823084212221342_s1_p0.2.subreads.fastq.gz
Approx 55% complete for m131024_200535_42174_c100563672550000001823084212221342_s1_p0.2.subreads.fastq.gz
Approx 60% complete for m131024_200535_42174_c100563672550000001823084212221342_s1_p0.2.subreads.fastq.gz
Approx 65% complete for m131024_200535_42174_c100563672550000001823084212221342_s1_p0.2.subreads.fastq.gz
Approx 70% complete for m131024_200535_42174_c100563672550000001823084212221342_s1_p0.2.subreads.fastq.gz
Approx 75% complete for m131024_200535_42174_c100563672550000001823084212221342_s1_p0.2.subreads.fastq.gz
Approx 80% complete for m131024_200535_42174_c100563672550000001823084212221342_s1_p0.2.subreads.fastq.gz
Approx 85% complete for m131024_200535_42174_c100563672550000001823084212221342_s1_p0.2.subreads.fastq.gz
Approx 90% complete for m131024_200535_42174_c100563672550000001823084212221342_s1_p0.2.subreads.fastq.gz
Approx 95% complete for m131024_200535_42174_c100563672550000001823084212221342_s1_p0.2.subreads.fastq.gz
Analysis complete for m131024_200535_42174_c100563672550000001823084212221342_s1_p0.2.subreads.fastq.gz
Started analysis of m131024_200535_42174_c100563672550000001823084212221342_s1_p0.3.subreads.fastq.gz
Approx 5% complete for m131024_200535_42174_c100563672550000001823084212221342_s1_p0.3.subreads.fastq.gz
Approx 10% complete for m131024_200535_42174_c100563672550000001823084212221342_s1_p0.3.subreads.fastq.gz
Approx 15% complete for m131024_200535_42174_c100563672550000001823084212221342_s1_p0.3.subreads.fastq.gz
Approx 20% complete for m131024_200535_42174_c100563672550000001823084212221342_s1_p0.3.subreads.fastq.gz
Approx 25% complete for m131024_200535_42174_c100563672550000001823084212221342_s1_p0.3.subreads.fastq.gz
Approx 30% complete for m131024_200535_42174_c100563672550000001823084212221342_s1_p0.3.subreads.fastq.gz
Approx 35% complete for m131024_200535_42174_c100563672550000001823084212221342_s1_p0.3.subreads.fastq.gz
Approx 40% complete for m131024_200535_42174_c100563672550000001823084212221342_s1_p0.3.subreads.fastq.gz
Approx 45% complete for m131024_200535_42174_c100563672550000001823084212221342_s1_p0.3.subreads.fastq.gz
Approx 50% complete for m131024_200535_42174_c100563672550000001823084212221342_s1_p0.3.subreads.fastq.gz
Approx 55% complete for m131024_200535_42174_c100563672550000001823084212221342_s1_p0.3.subreads.fastq.gz
Approx 60% complete for m131024_200535_42174_c100563672550000001823084212221342_s1_p0.3.subreads.fastq.gz
Approx 65% complete for m131024_200535_42174_c100563672550000001823084212221342_s1_p0.3.subreads.fastq.gz
Approx 70% complete for m131024_200535_42174_c100563672550000001823084212221342_s1_p0.3.subreads.fastq.gz
Approx 75% complete for m131024_200535_42174_c100563672550000001823084212221342_s1_p0.3.subreads.fastq.gz
Approx 80% complete for m131024_200535_42174_c100563672550000001823084212221342_s1_p0.3.subreads.fastq.gz
Approx 85% complete for m131024_200535_42174_c100563672550000001823084212221342_s1_p0.3.subreads.fastq.gz
Approx 90% complete for m131024_200535_42174_c100563672550000001823084212221342_s1_p0.3.subreads.fastq.gz
Approx 95% complete for m131024_200535_42174_c100563672550000001823084212221342_s1_p0.3.subreads.fastq.gz
Analysis complete for m131024_200535_42174_c100563672550000001823084212221342_s1_p0.3.subreads.fastq.gz
Started analysis of m131023_233432_42174_c100519312550000001823081209281335_s1_X0.1.subreads.fastq.gz
Approx 5% complete for m131023_233432_42174_c100519312550000001823081209281335_s1_X0.1.subreads.fastq.gz
Approx 15% complete for m131023_233432_42174_c100519312550000001823081209281335_s1_X0.1.subreads.fastq.gz
Approx 20% complete for m131023_233432_42174_c100519312550000001823081209281335_s1_X0.1.subreads.fastq.gz
Approx 30% complete for m131023_233432_42174_c100519312550000001823081209281335_s1_X0.1.subreads.fastq.gz
Approx 40% complete for m131023_233432_42174_c100519312550000001823081209281335_s1_X0.1.subreads.fastq.gz
Approx 45% complete for m131023_233432_42174_c100519312550000001823081209281335_s1_X0.1.subreads.fastq.gz
Approx 55% complete for m131023_233432_42174_c100519312550000001823081209281335_s1_X0.1.subreads.fastq.gz
Approx 60% complete for m131023_233432_42174_c100519312550000001823081209281335_s1_X0.1.subreads.fastq.gz
Approx 70% complete for m131023_233432_42174_c100519312550000001823081209281335_s1_X0.1.subreads.fastq.gz
Approx 80% complete for m131023_233432_42174_c100519312550000001823081209281335_s1_X0.1.subreads.fastq.gz
Approx 85% complete for m131023_233432_42174_c100519312550000001823081209281335_s1_X0.1.subreads.fastq.gz
Approx 95% complete for m131023_233432_42174_c100519312550000001823081209281335_s1_X0.1.subreads.fastq.gz
Analysis complete for m131023_233432_42174_c100519312550000001823081209281335_s1_X0.1.subreads.fastq.gz
Started analysis of m131023_233432_42174_c100519312550000001823081209281335_s1_X0.2.subreads.fastq.gz
Approx 5% complete for m131023_233432_42174_c100519312550000001823081209281335_s1_X0.2.subreads.fastq.gz
Approx 10% complete for m131023_233432_42174_c100519312550000001823081209281335_s1_X0.2.subreads.fastq.gz
Approx 20% complete for m131023_233432_42174_c100519312550000001823081209281335_s1_X0.2.subreads.fastq.gz
Approx 25% complete for m131023_233432_42174_c100519312550000001823081209281335_s1_X0.2.subreads.fastq.gz
Approx 30% complete for m131023_233432_42174_c100519312550000001823081209281335_s1_X0.2.subreads.fastq.gz
Approx 40% complete for m131023_233432_42174_c100519312550000001823081209281335_s1_X0.2.subreads.fastq.gz
Approx 45% complete for m131023_233432_42174_c100519312550000001823081209281335_s1_X0.2.subreads.fastq.gz
Approx 50% complete for m131023_233432_42174_c100519312550000001823081209281335_s1_X0.2.subreads.fastq.gz
Approx 60% complete for m131023_233432_42174_c100519312550000001823081209281335_s1_X0.2.subreads.fastq.gz
Approx 65% complete for m131023_233432_42174_c100519312550000001823081209281335_s1_X0.2.subreads.fastq.gz
Approx 70% complete for m131023_233432_42174_c100519312550000001823081209281335_s1_X0.2.subreads.fastq.gz
Approx 80% complete for m131023_233432_42174_c100519312550000001823081209281335_s1_X0.2.subreads.fastq.gz
Approx 85% complete for m131023_233432_42174_c100519312550000001823081209281335_s1_X0.2.subreads.fastq.gz
Approx 90% complete for m131023_233432_42174_c100519312550000001823081209281335_s1_X0.2.subreads.fastq.gz
Analysis complete for m131023_233432_42174_c100519312550000001823081209281335_s1_X0.2.subreads.fastq.gz
Started analysis of m131023_233432_42174_c100519312550000001823081209281335_s1_X0.3.subreads.fastq.gz
Approx 5% complete for m131023_233432_42174_c100519312550000001823081209281335_s1_X0.3.subreads.fastq.gz
Approx 10% complete for m131023_233432_42174_c100519312550000001823081209281335_s1_X0.3.subreads.fastq.gz
Approx 15% complete for m131023_233432_42174_c100519312550000001823081209281335_s1_X0.3.subreads.fastq.gz
Approx 25% complete for m131023_233432_42174_c100519312550000001823081209281335_s1_X0.3.subreads.fastq.gz
Approx 30% complete for m131023_233432_42174_c100519312550000001823081209281335_s1_X0.3.subreads.fastq.gz
Approx 35% complete for m131023_233432_42174_c100519312550000001823081209281335_s1_X0.3.subreads.fastq.gz
Approx 45% complete for m131023_233432_42174_c100519312550000001823081209281335_s1_X0.3.subreads.fastq.gz
Approx 50% complete for m131023_233432_42174_c100519312550000001823081209281335_s1_X0.3.subreads.fastq.gz
Approx 55% complete for m131023_233432_42174_c100519312550000001823081209281335_s1_X0.3.subreads.fastq.gz
Approx 65% complete for m131023_233432_42174_c100519312550000001823081209281335_s1_X0.3.subreads.fastq.gz
Approx 70% complete for m131023_233432_42174_c100519312550000001823081209281335_s1_X0.3.subreads.fastq.gz
Approx 75% complete for m131023_233432_42174_c100519312550000001823081209281335_s1_X0.3.subreads.fastq.gz
Approx 80% complete for m131023_233432_42174_c100519312550000001823081209281335_s1_X0.3.subreads.fastq.gz
Approx 90% complete for m131023_233432_42174_c100519312550000001823081209281335_s1_X0.3.subreads.fastq.gz
Approx 95% complete for m131023_233432_42174_c100519312550000001823081209281335_s1_X0.3.subreads.fastq.gz
Analysis complete for m131023_233432_42174_c100519312550000001823081209281335_s1_X0.3.subreads.fastq.gz
Started analysis of m131024_200535_42174_c100563672550000001823084212221342_s1_p0.1.subreads.fastq.gz
Approx 5% complete for m131024_200535_42174_c100563672550000001823084212221342_s1_p0.1.subreads.fastq.gz
Approx 10% complete for m131024_200535_42174_c100563672550000001823084212221342_s1_p0.1.subreads.fastq.gz
Approx 15% complete for m131024_200535_42174_c100563672550000001823084212221342_s1_p0.1.subreads.fastq.gz
Approx 20% complete for m131024_200535_42174_c100563672550000001823084212221342_s1_p0.1.subreads.fastq.gz
Approx 25% complete for m131024_200535_42174_c100563672550000001823084212221342_s1_p0.1.subreads.fastq.gz
Approx 30% complete for m131024_200535_42174_c100563672550000001823084212221342_s1_p0.1.subreads.fastq.gz
Approx 35% complete for m131024_200535_42174_c100563672550000001823084212221342_s1_p0.1.subreads.fastq.gz
Approx 40% complete for m131024_200535_42174_c100563672550000001823084212221342_s1_p0.1.subreads.fastq.gz
Approx 45% complete for m131024_200535_42174_c100563672550000001823084212221342_s1_p0.1.subreads.fastq.gz
Approx 50% complete for m131024_200535_42174_c100563672550000001823084212221342_s1_p0.1.subreads.fastq.gz
Approx 55% complete for m131024_200535_42174_c100563672550000001823084212221342_s1_p0.1.subreads.fastq.gz
Approx 60% complete for m131024_200535_42174_c100563672550000001823084212221342_s1_p0.1.subreads.fastq.gz
Approx 65% complete for m131024_200535_42174_c100563672550000001823084212221342_s1_p0.1.subreads.fastq.gz
Approx 70% complete for m131024_200535_42174_c100563672550000001823084212221342_s1_p0.1.subreads.fastq.gz
Approx 75% complete for m131024_200535_42174_c100563672550000001823084212221342_s1_p0.1.subreads.fastq.gz
Approx 80% complete for m131024_200535_42174_c100563672550000001823084212221342_s1_p0.1.subreads.fastq.gz
Approx 85% complete for m131024_200535_42174_c100563672550000001823084212221342_s1_p0.1.subreads.fastq.gz
Approx 90% complete for m131024_200535_42174_c100563672550000001823084212221342_s1_p0.1.subreads.fastq.gz
Approx 95% complete for m131024_200535_42174_c100563672550000001823084212221342_s1_p0.1.subreads.fastq.gz
Analysis complete for m131024_200535_42174_c100563672550000001823084212221342_s1_p0.1.subreads.fastq.gz
Started analysis of m131024_200535_42174_c100563672550000001823084212221342_s1_p0.2.subreads.fastq.gz
Approx 5% complete for m131024_200535_42174_c100563672550000001823084212221342_s1_p0.2.subreads.fastq.gz
Approx 10% complete for m131024_200535_42174_c100563672550000001823084212221342_s1_p0.2.subreads.fastq.gz
Approx 15% complete for m131024_200535_42174_c100563672550000001823084212221342_s1_p0.2.subreads.fastq.gz
Approx 20% complete for m131024_200535_42174_c100563672550000001823084212221342_s1_p0.2.subreads.fastq.gz
Approx 25% complete for m131024_200535_42174_c100563672550000001823084212221342_s1_p0.2.subreads.fastq.gz
Approx 30% complete for m131024_200535_42174_c100563672550000001823084212221342_s1_p0.2.subreads.fastq.gz
Approx 35% complete for m131024_200535_42174_c100563672550000001823084212221342_s1_p0.2.subreads.fastq.gz
Approx 40% complete for m131024_200535_42174_c100563672550000001823084212221342_s1_p0.2.subreads.fastq.gz
Approx 45% complete for m131024_200535_42174_c100563672550000001823084212221342_s1_p0.2.subreads.fastq.gz
Approx 50% complete for m131024_200535_42174_c100563672550000001823084212221342_s1_p0.2.subreads.fastq.gz
Approx 55% complete for m131024_200535_42174_c100563672550000001823084212221342_s1_p0.2.subreads.fastq.gz
Approx 60% complete for m131024_200535_42174_c100563672550000001823084212221342_s1_p0.2.subreads.fastq.gz
Approx 65% complete for m131024_200535_42174_c100563672550000001823084212221342_s1_p0.2.subreads.fastq.gz
Approx 70% complete for m131024_200535_42174_c100563672550000001823084212221342_s1_p0.2.subreads.fastq.gz
Approx 75% complete for m131024_200535_42174_c100563672550000001823084212221342_s1_p0.2.subreads.fastq.gz
Approx 80% complete for m131024_200535_42174_c100563672550000001823084212221342_s1_p0.2.subreads.fastq.gz
Approx 85% complete for m131024_200535_42174_c100563672550000001823084212221342_s1_p0.2.subreads.fastq.gz
Approx 90% complete for m131024_200535_42174_c100563672550000001823084212221342_s1_p0.2.subreads.fastq.gz
Approx 95% complete for m131024_200535_42174_c100563672550000001823084212221342_s1_p0.2.subreads.fastq.gz
Analysis complete for m131024_200535_42174_c100563672550000001823084212221342_s1_p0.2.subreads.fastq.gz
Started analysis of m131024_200535_42174_c100563672550000001823084212221342_s1_p0.3.subreads.fastq.gz
Approx 5% complete for m131024_200535_42174_c100563672550000001823084212221342_s1_p0.3.subreads.fastq.gz
Approx 10% complete for m131024_200535_42174_c100563672550000001823084212221342_s1_p0.3.subreads.fastq.gz
Approx 15% complete for m131024_200535_42174_c100563672550000001823084212221342_s1_p0.3.subreads.fastq.gz
Approx 20% complete for m131024_200535_42174_c100563672550000001823084212221342_s1_p0.3.subreads.fastq.gz
Approx 25% complete for m131024_200535_42174_c100563672550000001823084212221342_s1_p0.3.subreads.fastq.gz
Approx 30% complete for m131024_200535_42174_c100563672550000001823084212221342_s1_p0.3.subreads.fastq.gz
Approx 35% complete for m131024_200535_42174_c100563672550000001823084212221342_s1_p0.3.subreads.fastq.gz
Approx 40% complete for m131024_200535_42174_c100563672550000001823084212221342_s1_p0.3.subreads.fastq.gz
Approx 45% complete for m131024_200535_42174_c100563672550000001823084212221342_s1_p0.3.subreads.fastq.gz
Approx 50% complete for m131024_200535_42174_c100563672550000001823084212221342_s1_p0.3.subreads.fastq.gz
Approx 55% complete for m131024_200535_42174_c100563672550000001823084212221342_s1_p0.3.subreads.fastq.gz
Approx 60% complete for m131024_200535_42174_c100563672550000001823084212221342_s1_p0.3.subreads.fastq.gz
Approx 65% complete for m131024_200535_42174_c100563672550000001823084212221342_s1_p0.3.subreads.fastq.gz
Approx 70% complete for m131024_200535_42174_c100563672550000001823084212221342_s1_p0.3.subreads.fastq.gz
Approx 75% complete for m131024_200535_42174_c100563672550000001823084212221342_s1_p0.3.subreads.fastq.gz
Approx 80% complete for m131024_200535_42174_c100563672550000001823084212221342_s1_p0.3.subreads.fastq.gz
Approx 85% complete for m131024_200535_42174_c100563672550000001823084212221342_s1_p0.3.subreads.fastq.gz
Approx 90% complete for m131024_200535_42174_c100563672550000001823084212221342_s1_p0.3.subreads.fastq.gz
Approx 95% complete for m131024_200535_42174_c100563672550000001823084212221342_s1_p0.3.subreads.fastq.gz
Analysis complete for m131024_200535_42174_c100563672550000001823084212221342_s1_p0.3.subreads.fastq.gz
mv: cannot stat *.out: No such file or directory
