New V5 databases are available: nr_v5 nt_v5 refseq_protein_v5 refseq_rna_v5, see 'module help blast/2.9.0+' for more information
USAGE
  makeblastdb [-h] [-help] [-in input_file] [-input_type type]
    -dbtype molecule_type [-title database_title] [-parse_seqids]
    [-hash_index] [-mask_data mask_data_files] [-mask_id mask_algo_ids]
    [-mask_desc mask_algo_descriptions] [-gi_mask]
    [-gi_mask_name gi_based_mask_names] [-out database_name]
    [-blastdb_version version] [-max_file_sz number_of_bytes]
    [-logfile File_Name] [-taxid TaxID] [-taxid_map TaxIDMapFile] [-version]

DESCRIPTION
   Application to create BLAST databases, version 2.9.0+

Use '-help' to print detailed descriptions of command line arguments
========================================================================

Error:  (CArgException::eInvalidArg) Unknown argument: "parse_sequids"
BLAST Database error: No alias or index file found for nucleotide database [/home/miba8458/2020.03_GenomeAnalysisCourse/data/GCF_000174395.2_ASM17439v2_genomic.fna] in search path [/domus/h1/miba8458/2020.03_GenomeAnalysisCourse/code:/crex/data/blast_databases:]
starting ACT with flags: -mx500m -ms20m -noverify
Exception in thread "main" java.awt.AWTError: Can't connect to X11 window server using 'localhost:16.0' as the value of the DISPLAY variable.
	at sun.awt.X11GraphicsEnvironment.initDisplay(Native Method)
	at sun.awt.X11GraphicsEnvironment.access$200(X11GraphicsEnvironment.java:65)
	at sun.awt.X11GraphicsEnvironment$1.run(X11GraphicsEnvironment.java:115)
	at java.security.AccessController.doPrivileged(Native Method)
	at sun.awt.X11GraphicsEnvironment.<clinit>(X11GraphicsEnvironment.java:74)
	at java.lang.Class.forName0(Native Method)
	at java.lang.Class.forName(Class.java:264)
	at java.awt.GraphicsEnvironment.createGE(GraphicsEnvironment.java:103)
	at java.awt.GraphicsEnvironment.getLocalGraphicsEnvironment(GraphicsEnvironment.java:82)
	at java.awt.Window.initGC(Window.java:475)
	at java.awt.Window.init(Window.java:495)
	at java.awt.Window.<init>(Window.java:537)
	at java.awt.Frame.<init>(Frame.java:420)
	at javax.swing.JFrame.<init>(JFrame.java:233)
	at uk.ac.sanger.artemis.components.Splash.<init>(Splash.java:131)
	at uk.ac.sanger.artemis.components.Splash.<init>(Splash.java:158)
	at uk.ac.sanger.artemis.components.ActMain.<init>(ActMain.java:68)
	at uk.ac.sanger.artemis.components.ActMain.main(ActMain.java:353)
