New V5 databases are available: nr_v5 nt_v5 refseq_protein_v5 refseq_rna_v5, see 'module help blast/2.9.0+' for more information
USAGE
  makeblastdb [-h] [-help] [-in input_file] [-input_type type]
    -dbtype molecule_type [-title database_title] [-parse_seqids]
    [-hash_index] [-mask_data mask_data_files] [-mask_id mask_algo_ids]
    [-mask_desc mask_algo_descriptions] [-gi_mask]
    [-gi_mask_name gi_based_mask_names] [-out database_name]
    [-blastdb_version version] [-max_file_sz number_of_bytes]
    [-logfile File_Name] [-taxid TaxID] [-taxid_map TaxIDMapFile] [-version]

DESCRIPTION
   Application to create BLAST databases, version 2.9.0+

Use '-help' to print detailed descriptions of command line arguments
========================================================================

Error:  (CArgException::eInvalidArg) Unknown argument: "parse_sequids"
USAGE
  blastn [-h] [-help] [-import_search_strategy filename]
    [-export_search_strategy filename] [-task task_name] [-db database_name]
    [-dbsize num_letters] [-gilist filename] [-seqidlist filename]
    [-negative_gilist filename] [-negative_seqidlist filename]
    [-taxids taxids] [-negative_taxids taxids] [-taxidlist filename]
    [-negative_taxidlist filename] [-entrez_query entrez_query]
    [-db_soft_mask filtering_algorithm] [-db_hard_mask filtering_algorithm]
    [-subject subject_input_file] [-subject_loc range] [-query input_file]
    [-out output_file] [-evalue evalue] [-word_size int_value]
    [-gapopen open_penalty] [-gapextend extend_penalty]
    [-perc_identity float_value] [-qcov_hsp_perc float_value]
    [-max_hsps int_value] [-xdrop_ungap float_value] [-xdrop_gap float_value]
    [-xdrop_gap_final float_value] [-searchsp int_value] [-penalty penalty]
    [-reward reward] [-no_greedy] [-min_raw_gapped_score int_value]
    [-template_type type] [-template_length int_value] [-dust DUST_options]
    [-filtering_db filtering_database]
    [-window_masker_taxid window_masker_taxid]
    [-window_masker_db window_masker_db] [-soft_masking soft_masking]
    [-ungapped] [-culling_limit int_value] [-best_hit_overhang float_value]
    [-best_hit_score_edge float_value] [-subject_besthit]
    [-window_size int_value] [-off_diagonal_range int_value]
    [-use_index boolean] [-index_name string] [-lcase_masking]
    [-query_loc range] [-strand strand] [-parse_deflines] [-outfmt format]
    [-show_gis] [-num_descriptions int_value] [-num_alignments int_value]
    [-line_length line_length] [-html] [-sorthits sort_hits]
    [-sorthsps sort_hsps] [-max_target_seqs num_sequences]
    [-num_threads int_value] [-remote] [-version]

DESCRIPTION
   Nucleotide-Nucleotide BLAST 2.9.0+

Use '-help' to print detailed descriptions of command line arguments
========================================================================

Error:  (CArgException::eSynopsis) Too many positional arguments (1), the offending value: 6
starting ACT with flags: -mx500m -ms20m -noverify
Exception in thread "main" java.awt.AWTError: Can't connect to X11 window server using 'localhost:16.0' as the value of the DISPLAY variable.
	at sun.awt.X11GraphicsEnvironment.initDisplay(Native Method)
	at sun.awt.X11GraphicsEnvironment.access$200(X11GraphicsEnvironment.java:65)
	at sun.awt.X11GraphicsEnvironment$1.run(X11GraphicsEnvironment.java:115)
	at java.security.AccessController.doPrivileged(Native Method)
	at sun.awt.X11GraphicsEnvironment.<clinit>(X11GraphicsEnvironment.java:74)
	at java.lang.Class.forName0(Native Method)
	at java.lang.Class.forName(Class.java:264)
	at java.awt.GraphicsEnvironment.createGE(GraphicsEnvironment.java:103)
	at java.awt.GraphicsEnvironment.getLocalGraphicsEnvironment(GraphicsEnvironment.java:82)
	at java.awt.Window.initGC(Window.java:475)
	at java.awt.Window.init(Window.java:495)
	at java.awt.Window.<init>(Window.java:537)
	at java.awt.Frame.<init>(Frame.java:420)
	at javax.swing.JFrame.<init>(JFrame.java:233)
	at uk.ac.sanger.artemis.components.Splash.<init>(Splash.java:131)
	at uk.ac.sanger.artemis.components.Splash.<init>(Splash.java:158)
	at uk.ac.sanger.artemis.components.ActMain.<init>(ActMain.java:68)
	at uk.ac.sanger.artemis.components.ActMain.main(ActMain.java:353)
