	trimmomatic 0.36 loaded, see 'module help trimmomatic/0.36' for more information.
/var/spool/slurmd/job13212827/slurm_script: line 43: /home/miba8458/2020.03_GenomeAnalysisCourse/scratch/2_DNA_trimmomatic_Illumina_2/10_Len25: No such file or directory
TrimmomaticPE: Started with arguments:
 -threads 2 -phred64 -trimlog /home/miba8458/2020.03_GenomeAnalysisCourse/scratch/2_DNA_trimmomatic_Illumina_2/trimlog.txt -baseout /home/miba8458/2020.03_GenomeAnalysisCourse/scratch/2_DNA_trimmomatic_Illumina_2/E745-1.L500_SZAXPI015146-56_clean.fq.gz_Q10_Len25 /home/miba8458/2020.03_GenomeAnalysisCourse/data/raw_ext/link_to_raw_data/genomics_data/Illumina/E745-1.L500_SZAXPI015146-56_1_clean.fq.gz /home/miba8458/2020.03_GenomeAnalysisCourse/data/raw_ext/link_to_raw_data/genomics_data/Illumina/E745-1.L500_SZAXPI015146-56_2_clean.fq.gz LEADING:10 SLIDINGWINDOW:4:10 MINLEN:25
Using templated Output files: /home/miba8458/2020.03_GenomeAnalysisCourse/scratch/2_DNA_trimmomatic_Illumina_2/E745-1.L500_SZAXPI015146-56_clean.fq.gz_Q10_Len25_1P /home/miba8458/2020.03_GenomeAnalysisCourse/scratch/2_DNA_trimmomatic_Illumina_2/E745-1.L500_SZAXPI015146-56_clean.fq.gz_Q10_Len25_1U /home/miba8458/2020.03_GenomeAnalysisCourse/scratch/2_DNA_trimmomatic_Illumina_2/E745-1.L500_SZAXPI015146-56_clean.fq.gz_Q10_Len25_2P /home/miba8458/2020.03_GenomeAnalysisCourse/scratch/2_DNA_trimmomatic_Illumina_2/E745-1.L500_SZAXPI015146-56_clean.fq.gz_Q10_Len25_2U
Input Read Pairs: 1666667 Both Surviving: 1664412 (99.86%) Forward Only Surviving: 2252 (0.14%) Reverse Only Surviving: 3 (0.00%) Dropped: 0 (0.00%)
TrimmomaticPE: Completed successfully
/var/spool/slurmd/job13212827/slurm_script: line 43: /home/miba8458/2020.03_GenomeAnalysisCourse/scratch/2_DNA_trimmomatic_Illumina_2/10_Len50: No such file or directory
TrimmomaticPE: Started with arguments:
 -threads 2 -phred64 -trimlog /home/miba8458/2020.03_GenomeAnalysisCourse/scratch/2_DNA_trimmomatic_Illumina_2/trimlog.txt -baseout /home/miba8458/2020.03_GenomeAnalysisCourse/scratch/2_DNA_trimmomatic_Illumina_2/E745-1.L500_SZAXPI015146-56_clean.fq.gz_Q10_Len50 /home/miba8458/2020.03_GenomeAnalysisCourse/data/raw_ext/link_to_raw_data/genomics_data/Illumina/E745-1.L500_SZAXPI015146-56_1_clean.fq.gz /home/miba8458/2020.03_GenomeAnalysisCourse/data/raw_ext/link_to_raw_data/genomics_data/Illumina/E745-1.L500_SZAXPI015146-56_2_clean.fq.gz LEADING:10 SLIDINGWINDOW:4:10 MINLEN:50
Using templated Output files: /home/miba8458/2020.03_GenomeAnalysisCourse/scratch/2_DNA_trimmomatic_Illumina_2/E745-1.L500_SZAXPI015146-56_clean.fq.gz_Q10_Len50_1P /home/miba8458/2020.03_GenomeAnalysisCourse/scratch/2_DNA_trimmomatic_Illumina_2/E745-1.L500_SZAXPI015146-56_clean.fq.gz_Q10_Len50_1U /home/miba8458/2020.03_GenomeAnalysisCourse/scratch/2_DNA_trimmomatic_Illumina_2/E745-1.L500_SZAXPI015146-56_clean.fq.gz_Q10_Len50_2P /home/miba8458/2020.03_GenomeAnalysisCourse/scratch/2_DNA_trimmomatic_Illumina_2/E745-1.L500_SZAXPI015146-56_clean.fq.gz_Q10_Len50_2U
Input Read Pairs: 1666667 Both Surviving: 1648920 (98.94%) Forward Only Surviving: 17352 (1.04%) Reverse Only Surviving: 307 (0.02%) Dropped: 88 (0.01%)
TrimmomaticPE: Completed successfully
/var/spool/slurmd/job13212827/slurm_script: line 43: /home/miba8458/2020.03_GenomeAnalysisCourse/scratch/2_DNA_trimmomatic_Illumina_2/15_Len25: No such file or directory
TrimmomaticPE: Started with arguments:
 -threads 2 -phred64 -trimlog /home/miba8458/2020.03_GenomeAnalysisCourse/scratch/2_DNA_trimmomatic_Illumina_2/trimlog.txt -baseout /home/miba8458/2020.03_GenomeAnalysisCourse/scratch/2_DNA_trimmomatic_Illumina_2/E745-1.L500_SZAXPI015146-56_clean.fq.gz_Q15_Len25 /home/miba8458/2020.03_GenomeAnalysisCourse/data/raw_ext/link_to_raw_data/genomics_data/Illumina/E745-1.L500_SZAXPI015146-56_1_clean.fq.gz /home/miba8458/2020.03_GenomeAnalysisCourse/data/raw_ext/link_to_raw_data/genomics_data/Illumina/E745-1.L500_SZAXPI015146-56_2_clean.fq.gz LEADING:15 SLIDINGWINDOW:4:10 MINLEN:25
Using templated Output files: /home/miba8458/2020.03_GenomeAnalysisCourse/scratch/2_DNA_trimmomatic_Illumina_2/E745-1.L500_SZAXPI015146-56_clean.fq.gz_Q15_Len25_1P /home/miba8458/2020.03_GenomeAnalysisCourse/scratch/2_DNA_trimmomatic_Illumina_2/E745-1.L500_SZAXPI015146-56_clean.fq.gz_Q15_Len25_1U /home/miba8458/2020.03_GenomeAnalysisCourse/scratch/2_DNA_trimmomatic_Illumina_2/E745-1.L500_SZAXPI015146-56_clean.fq.gz_Q15_Len25_2P /home/miba8458/2020.03_GenomeAnalysisCourse/scratch/2_DNA_trimmomatic_Illumina_2/E745-1.L500_SZAXPI015146-56_clean.fq.gz_Q15_Len25_2U
Input Read Pairs: 1666667 Both Surviving: 1664360 (99.86%) Forward Only Surviving: 2304 (0.14%) Reverse Only Surviving: 3 (0.00%) Dropped: 0 (0.00%)
TrimmomaticPE: Completed successfully
/var/spool/slurmd/job13212827/slurm_script: line 43: /home/miba8458/2020.03_GenomeAnalysisCourse/scratch/2_DNA_trimmomatic_Illumina_2/15_Len50: No such file or directory
TrimmomaticPE: Started with arguments:
 -threads 2 -phred64 -trimlog /home/miba8458/2020.03_GenomeAnalysisCourse/scratch/2_DNA_trimmomatic_Illumina_2/trimlog.txt -baseout /home/miba8458/2020.03_GenomeAnalysisCourse/scratch/2_DNA_trimmomatic_Illumina_2/E745-1.L500_SZAXPI015146-56_clean.fq.gz_Q15_Len50 /home/miba8458/2020.03_GenomeAnalysisCourse/data/raw_ext/link_to_raw_data/genomics_data/Illumina/E745-1.L500_SZAXPI015146-56_1_clean.fq.gz /home/miba8458/2020.03_GenomeAnalysisCourse/data/raw_ext/link_to_raw_data/genomics_data/Illumina/E745-1.L500_SZAXPI015146-56_2_clean.fq.gz LEADING:15 SLIDINGWINDOW:4:10 MINLEN:50
Using templated Output files: /home/miba8458/2020.03_GenomeAnalysisCourse/scratch/2_DNA_trimmomatic_Illumina_2/E745-1.L500_SZAXPI015146-56_clean.fq.gz_Q15_Len50_1P /home/miba8458/2020.03_GenomeAnalysisCourse/scratch/2_DNA_trimmomatic_Illumina_2/E745-1.L500_SZAXPI015146-56_clean.fq.gz_Q15_Len50_1U /home/miba8458/2020.03_GenomeAnalysisCourse/scratch/2_DNA_trimmomatic_Illumina_2/E745-1.L500_SZAXPI015146-56_clean.fq.gz_Q15_Len50_2P /home/miba8458/2020.03_GenomeAnalysisCourse/scratch/2_DNA_trimmomatic_Illumina_2/E745-1.L500_SZAXPI015146-56_clean.fq.gz_Q15_Len50_2U
Input Read Pairs: 1666667 Both Surviving: 1648784 (98.93%) Forward Only Surviving: 17488 (1.05%) Reverse Only Surviving: 307 (0.02%) Dropped: 88 (0.01%)
TrimmomaticPE: Completed successfully
/var/spool/slurmd/job13212827/slurm_script: line 43: /home/miba8458/2020.03_GenomeAnalysisCourse/scratch/2_DNA_trimmomatic_Illumina_2/20_Len25: No such file or directory
TrimmomaticPE: Started with arguments:
 -threads 2 -phred64 -trimlog /home/miba8458/2020.03_GenomeAnalysisCourse/scratch/2_DNA_trimmomatic_Illumina_2/trimlog.txt -baseout /home/miba8458/2020.03_GenomeAnalysisCourse/scratch/2_DNA_trimmomatic_Illumina_2/E745-1.L500_SZAXPI015146-56_clean.fq.gz_Q20_Len25 /home/miba8458/2020.03_GenomeAnalysisCourse/data/raw_ext/link_to_raw_data/genomics_data/Illumina/E745-1.L500_SZAXPI015146-56_1_clean.fq.gz /home/miba8458/2020.03_GenomeAnalysisCourse/data/raw_ext/link_to_raw_data/genomics_data/Illumina/E745-1.L500_SZAXPI015146-56_2_clean.fq.gz LEADING:20 SLIDINGWINDOW:4:10 MINLEN:25
Using templated Output files: /home/miba8458/2020.03_GenomeAnalysisCourse/scratch/2_DNA_trimmomatic_Illumina_2/E745-1.L500_SZAXPI015146-56_clean.fq.gz_Q20_Len25_1P /home/miba8458/2020.03_GenomeAnalysisCourse/scratch/2_DNA_trimmomatic_Illumina_2/E745-1.L500_SZAXPI015146-56_clean.fq.gz_Q20_Len25_1U /home/miba8458/2020.03_GenomeAnalysisCourse/scratch/2_DNA_trimmomatic_Illumina_2/E745-1.L500_SZAXPI015146-56_clean.fq.gz_Q20_Len25_2P /home/miba8458/2020.03_GenomeAnalysisCourse/scratch/2_DNA_trimmomatic_Illumina_2/E745-1.L500_SZAXPI015146-56_clean.fq.gz_Q20_Len25_2U
Input Read Pairs: 1666667 Both Surviving: 1664227 (99.85%) Forward Only Surviving: 2436 (0.15%) Reverse Only Surviving: 4 (0.00%) Dropped: 0 (0.00%)
TrimmomaticPE: Completed successfully
/var/spool/slurmd/job13212827/slurm_script: line 43: /home/miba8458/2020.03_GenomeAnalysisCourse/scratch/2_DNA_trimmomatic_Illumina_2/20_Len50: No such file or directory
TrimmomaticPE: Started with arguments:
 -threads 2 -phred64 -trimlog /home/miba8458/2020.03_GenomeAnalysisCourse/scratch/2_DNA_trimmomatic_Illumina_2/trimlog.txt -baseout /home/miba8458/2020.03_GenomeAnalysisCourse/scratch/2_DNA_trimmomatic_Illumina_2/E745-1.L500_SZAXPI015146-56_clean.fq.gz_Q20_Len50 /home/miba8458/2020.03_GenomeAnalysisCourse/data/raw_ext/link_to_raw_data/genomics_data/Illumina/E745-1.L500_SZAXPI015146-56_1_clean.fq.gz /home/miba8458/2020.03_GenomeAnalysisCourse/data/raw_ext/link_to_raw_data/genomics_data/Illumina/E745-1.L500_SZAXPI015146-56_2_clean.fq.gz LEADING:20 SLIDINGWINDOW:4:10 MINLEN:50
Using templated Output files: /home/miba8458/2020.03_GenomeAnalysisCourse/scratch/2_DNA_trimmomatic_Illumina_2/E745-1.L500_SZAXPI015146-56_clean.fq.gz_Q20_Len50_1P /home/miba8458/2020.03_GenomeAnalysisCourse/scratch/2_DNA_trimmomatic_Illumina_2/E745-1.L500_SZAXPI015146-56_clean.fq.gz_Q20_Len50_1U /home/miba8458/2020.03_GenomeAnalysisCourse/scratch/2_DNA_trimmomatic_Illumina_2/E745-1.L500_SZAXPI015146-56_clean.fq.gz_Q20_Len50_2P /home/miba8458/2020.03_GenomeAnalysisCourse/scratch/2_DNA_trimmomatic_Illumina_2/E745-1.L500_SZAXPI015146-56_clean.fq.gz_Q20_Len50_2U
Input Read Pairs: 1666667 Both Surviving: 1648292 (98.90%) Forward Only Surviving: 17979 (1.08%) Reverse Only Surviving: 303 (0.02%) Dropped: 93 (0.01%)
TrimmomaticPE: Completed successfully
/var/spool/slurmd/job13212827/slurm_script: line 43: /home/miba8458/2020.03_GenomeAnalysisCourse/scratch/2_DNA_trimmomatic_Illumina_2/25_Len25: No such file or directory
TrimmomaticPE: Started with arguments:
 -threads 2 -phred64 -trimlog /home/miba8458/2020.03_GenomeAnalysisCourse/scratch/2_DNA_trimmomatic_Illumina_2/trimlog.txt -baseout /home/miba8458/2020.03_GenomeAnalysisCourse/scratch/2_DNA_trimmomatic_Illumina_2/E745-1.L500_SZAXPI015146-56_clean.fq.gz_Q25_Len25 /home/miba8458/2020.03_GenomeAnalysisCourse/data/raw_ext/link_to_raw_data/genomics_data/Illumina/E745-1.L500_SZAXPI015146-56_1_clean.fq.gz /home/miba8458/2020.03_GenomeAnalysisCourse/data/raw_ext/link_to_raw_data/genomics_data/Illumina/E745-1.L500_SZAXPI015146-56_2_clean.fq.gz LEADING:25 SLIDINGWINDOW:4:10 MINLEN:25
Using templated Output files: /home/miba8458/2020.03_GenomeAnalysisCourse/scratch/2_DNA_trimmomatic_Illumina_2/E745-1.L500_SZAXPI015146-56_clean.fq.gz_Q25_Len25_1P /home/miba8458/2020.03_GenomeAnalysisCourse/scratch/2_DNA_trimmomatic_Illumina_2/E745-1.L500_SZAXPI015146-56_clean.fq.gz_Q25_Len25_1U /home/miba8458/2020.03_GenomeAnalysisCourse/scratch/2_DNA_trimmomatic_Illumina_2/E745-1.L500_SZAXPI015146-56_clean.fq.gz_Q25_Len25_2P /home/miba8458/2020.03_GenomeAnalysisCourse/scratch/2_DNA_trimmomatic_Illumina_2/E745-1.L500_SZAXPI015146-56_clean.fq.gz_Q25_Len25_2U
Input Read Pairs: 1666667 Both Surviving: 1664204 (99.85%) Forward Only Surviving: 2459 (0.15%) Reverse Only Surviving: 4 (0.00%) Dropped: 0 (0.00%)
TrimmomaticPE: Completed successfully
/var/spool/slurmd/job13212827/slurm_script: line 43: /home/miba8458/2020.03_GenomeAnalysisCourse/scratch/2_DNA_trimmomatic_Illumina_2/25_Len50: No such file or directory
TrimmomaticPE: Started with arguments:
 -threads 2 -phred64 -trimlog /home/miba8458/2020.03_GenomeAnalysisCourse/scratch/2_DNA_trimmomatic_Illumina_2/trimlog.txt -baseout /home/miba8458/2020.03_GenomeAnalysisCourse/scratch/2_DNA_trimmomatic_Illumina_2/E745-1.L500_SZAXPI015146-56_clean.fq.gz_Q25_Len50 /home/miba8458/2020.03_GenomeAnalysisCourse/data/raw_ext/link_to_raw_data/genomics_data/Illumina/E745-1.L500_SZAXPI015146-56_1_clean.fq.gz /home/miba8458/2020.03_GenomeAnalysisCourse/data/raw_ext/link_to_raw_data/genomics_data/Illumina/E745-1.L500_SZAXPI015146-56_2_clean.fq.gz LEADING:25 SLIDINGWINDOW:4:10 MINLEN:50
Using templated Output files: /home/miba8458/2020.03_GenomeAnalysisCourse/scratch/2_DNA_trimmomatic_Illumina_2/E745-1.L500_SZAXPI015146-56_clean.fq.gz_Q25_Len50_1P /home/miba8458/2020.03_GenomeAnalysisCourse/scratch/2_DNA_trimmomatic_Illumina_2/E745-1.L500_SZAXPI015146-56_clean.fq.gz_Q25_Len50_1U /home/miba8458/2020.03_GenomeAnalysisCourse/scratch/2_DNA_trimmomatic_Illumina_2/E745-1.L500_SZAXPI015146-56_clean.fq.gz_Q25_Len50_2P /home/miba8458/2020.03_GenomeAnalysisCourse/scratch/2_DNA_trimmomatic_Illumina_2/E745-1.L500_SZAXPI015146-56_clean.fq.gz_Q25_Len50_2U
Input Read Pairs: 1666667 Both Surviving: 1648193 (98.89%) Forward Only Surviving: 18078 (1.08%) Reverse Only Surviving: 302 (0.02%) Dropped: 94 (0.01%)
TrimmomaticPE: Completed successfully
/var/spool/slurmd/job13212827/slurm_script: line 43: /home/miba8458/2020.03_GenomeAnalysisCourse/scratch/2_DNA_trimmomatic_Illumina_2/28_Len25: No such file or directory
TrimmomaticPE: Started with arguments:
 -threads 2 -phred64 -trimlog /home/miba8458/2020.03_GenomeAnalysisCourse/scratch/2_DNA_trimmomatic_Illumina_2/trimlog.txt -baseout /home/miba8458/2020.03_GenomeAnalysisCourse/scratch/2_DNA_trimmomatic_Illumina_2/E745-1.L500_SZAXPI015146-56_clean.fq.gz_Q28_Len25 /home/miba8458/2020.03_GenomeAnalysisCourse/data/raw_ext/link_to_raw_data/genomics_data/Illumina/E745-1.L500_SZAXPI015146-56_1_clean.fq.gz /home/miba8458/2020.03_GenomeAnalysisCourse/data/raw_ext/link_to_raw_data/genomics_data/Illumina/E745-1.L500_SZAXPI015146-56_2_clean.fq.gz LEADING:28 SLIDINGWINDOW:4:10 MINLEN:25
Using templated Output files: /home/miba8458/2020.03_GenomeAnalysisCourse/scratch/2_DNA_trimmomatic_Illumina_2/E745-1.L500_SZAXPI015146-56_clean.fq.gz_Q28_Len25_1P /home/miba8458/2020.03_GenomeAnalysisCourse/scratch/2_DNA_trimmomatic_Illumina_2/E745-1.L500_SZAXPI015146-56_clean.fq.gz_Q28_Len25_1U /home/miba8458/2020.03_GenomeAnalysisCourse/scratch/2_DNA_trimmomatic_Illumina_2/E745-1.L500_SZAXPI015146-56_clean.fq.gz_Q28_Len25_2P /home/miba8458/2020.03_GenomeAnalysisCourse/scratch/2_DNA_trimmomatic_Illumina_2/E745-1.L500_SZAXPI015146-56_clean.fq.gz_Q28_Len25_2U
Input Read Pairs: 1666667 Both Surviving: 1664070 (99.84%) Forward Only Surviving: 2593 (0.16%) Reverse Only Surviving: 4 (0.00%) Dropped: 0 (0.00%)
TrimmomaticPE: Completed successfully
/var/spool/slurmd/job13212827/slurm_script: line 43: /home/miba8458/2020.03_GenomeAnalysisCourse/scratch/2_DNA_trimmomatic_Illumina_2/28_Len50: No such file or directory
TrimmomaticPE: Started with arguments:
 -threads 2 -phred64 -trimlog /home/miba8458/2020.03_GenomeAnalysisCourse/scratch/2_DNA_trimmomatic_Illumina_2/trimlog.txt -baseout /home/miba8458/2020.03_GenomeAnalysisCourse/scratch/2_DNA_trimmomatic_Illumina_2/E745-1.L500_SZAXPI015146-56_clean.fq.gz_Q28_Len50 /home/miba8458/2020.03_GenomeAnalysisCourse/data/raw_ext/link_to_raw_data/genomics_data/Illumina/E745-1.L500_SZAXPI015146-56_1_clean.fq.gz /home/miba8458/2020.03_GenomeAnalysisCourse/data/raw_ext/link_to_raw_data/genomics_data/Illumina/E745-1.L500_SZAXPI015146-56_2_clean.fq.gz LEADING:28 SLIDINGWINDOW:4:10 MINLEN:50
Using templated Output files: /home/miba8458/2020.03_GenomeAnalysisCourse/scratch/2_DNA_trimmomatic_Illumina_2/E745-1.L500_SZAXPI015146-56_clean.fq.gz_Q28_Len50_1P /home/miba8458/2020.03_GenomeAnalysisCourse/scratch/2_DNA_trimmomatic_Illumina_2/E745-1.L500_SZAXPI015146-56_clean.fq.gz_Q28_Len50_1U /home/miba8458/2020.03_GenomeAnalysisCourse/scratch/2_DNA_trimmomatic_Illumina_2/E745-1.L500_SZAXPI015146-56_clean.fq.gz_Q28_Len50_2P /home/miba8458/2020.03_GenomeAnalysisCourse/scratch/2_DNA_trimmomatic_Illumina_2/E745-1.L500_SZAXPI015146-56_clean.fq.gz_Q28_Len50_2U
Input Read Pairs: 1666667 Both Surviving: 1647559 (98.85%) Forward Only Surviving: 18703 (1.12%) Reverse Only Surviving: 306 (0.02%) Dropped: 99 (0.01%)
TrimmomaticPE: Completed successfully
